[2022-07-19 22:50:32] [INFO    ] discord.client: logging in using static token
[2022-07-19 22:50:35] [INFO    ] discord.gateway: Shard ID None has sent the IDENTIFY payload.
[2022-07-19 22:50:35] [INFO    ] discord.gateway: Shard ID None has connected to Gateway (Session ID: f52235d9e81cdee7140f91dbce4e8d52).
[2022-07-19 22:50:37] [ERROR   ] discord.client: Ignoring exception in on_ready
Traceback (most recent call last):
  File "/home/runner/testing/venv/lib/python3.8/site-packages/discord/client.py", line 456, in _run_event
    await coro(*args, **kwargs)
  File "/home/runner/testing/cogs/Misc.py", line 62, in on_ready
    self.bot.launch_time = datetime.datetime.utcnow()
NameError: name 'datetime' is not defined
[2022-07-20 00:32:49] [INFO    ] discord.gateway: Websocket closed with 1006, attempting a reconnect.
[2022-07-20 00:32:49] [INFO    ] discord.client: Got a request to RESUME the websocket.
[2022-07-20 00:32:49] [INFO    ] discord.gateway: Shard ID None has sent the RESUME payload.
[2022-07-20 00:32:49] [INFO    ] discord.gateway: Shard ID None has successfully RESUMED session f52235d9e81cdee7140f91dbce4e8d52.
[2022-07-20 03:03:42] [INFO    ] discord.gateway: Timed out receiving packet. Attempting a reconnect.
[2022-07-20 03:03:42] [INFO    ] discord.client: Got a request to RESUME the websocket.
[2022-07-20 03:03:42] [INFO    ] discord.gateway: Shard ID None has sent the RESUME payload.
[2022-07-20 03:03:42] [INFO    ] discord.gateway: Shard ID None has successfully RESUMED session f52235d9e81cdee7140f91dbce4e8d52.
[2022-07-20 03:33:53] [INFO    ] discord.client: Got a request to RESUME the websocket.
[2022-07-20 03:33:54] [INFO    ] discord.gateway: Shard ID None has sent the RESUME payload.
[2022-07-20 03:33:54] [INFO    ] discord.gateway: Shard ID None has successfully RESUMED session f52235d9e81cdee7140f91dbce4e8d52.
[2022-07-20 04:50:03] [INFO    ] discord.client: Got a request to RESUME the websocket.
[2022-07-20 04:50:03] [INFO    ] discord.gateway: Shard ID None has sent the RESUME payload.
[2022-07-20 04:50:03] [INFO    ] discord.gateway: Shard ID None has successfully RESUMED session f52235d9e81cdee7140f91dbce4e8d52.
[2022-07-20 06:57:35] [INFO    ] discord.client: Got a request to RESUME the websocket.
[2022-07-20 06:57:35] [INFO    ] discord.gateway: Shard ID None has sent the RESUME payload.
[2022-07-20 06:57:35] [INFO    ] discord.gateway: Shard ID None has successfully RESUMED session f52235d9e81cdee7140f91dbce4e8d52.
[2022-07-20 10:13:59] [INFO    ] discord.client: Got a request to RESUME the websocket.
[2022-07-20 10:13:59] [INFO    ] discord.gateway: Shard ID None has sent the RESUME payload.
[2022-07-20 10:13:59] [INFO    ] discord.gateway: Shard ID None has successfully RESUMED session f52235d9e81cdee7140f91dbce4e8d52.
[2022-07-20 11:33:45] [INFO    ] discord.gateway: Websocket closed with 1006, attempting a reconnect.
[2022-07-20 11:33:45] [INFO    ] discord.client: Got a request to RESUME the websocket.
[2022-07-20 11:33:45] [INFO    ] discord.gateway: Shard ID None has sent the RESUME payload.
[2022-07-20 11:33:45] [INFO    ] discord.gateway: Shard ID None has successfully RESUMED session f52235d9e81cdee7140f91dbce4e8d52.
[2022-07-20 12:57:26] [INFO    ] discord.gateway: Websocket closed with 1006, attempting a reconnect.
[2022-07-20 12:57:26] [INFO    ] discord.client: Got a request to RESUME the websocket.
[2022-07-20 12:57:26] [ERROR   ] discord.client: Attempting a reconnect in 0.42s
Traceback (most recent call last):
  File "/home/runner/testing/venv/lib/python3.8/site-packages/discord/http.py", line 2107, in get_gateway
    data = await self.request(Route('GET', '/gateway'))
  File "/home/runner/testing/venv/lib/python3.8/site-packages/discord/http.py", line 469, in request
    raise HTTPException(response, data)
discord.errors.HTTPException: 429 Too Many Requests (error code: 0): <!DOCTYPE html>
<!--[if lt IE 7]> <html class="no-js ie6 oldie" lang="en-US"> <![endif]-->
<!--[if IE 7]>    <html class="no-js ie7 oldie" lang="en-US"> <![endif]-->
<!--[if IE 8]>    <html class="no-js ie8 oldie" lang="en-US"> <![endif]-->
<!--[if gt IE 8]><!--> <html class="no-js" lang="en-US"> <!--<![endif]-->
<head>
<title>Access denied | discord.com used Cloudflare to restrict access</title>
<meta charset="UTF-8" />
<meta http-equiv="Content-Type" content="text/html; charset=UTF-8" />
<meta http-equiv="X-UA-Compatible" content="IE=Edge" />
<meta name="robots" content="noindex, nofollow" />
<meta name="viewport" content="width=device-width,initial-scale=1" />
<link rel="stylesheet" id="cf_styles-css" href="/cdn-cgi/styles/main.css" />


<script>
(function(){if(document.addEventListener&&window.XMLHttpRequest&&JSON&&JSON.stringify){var e=function(a){var c=document.getElementById("error-feedback-survey"),d=document.getElementById("error-feedback-success"),b=new XMLHttpRequest;a={event:"feedback clicked",properties:{errorCode:1015,helpful:a,version:1}};b.open("POST","https://sparrow.cloudflare.com/api/v1/event");b.setRequestHeader("Content-Type","application/json");b.setRequestHeader("Sparrow-Source-Key","c771f0e4b54944bebf4261d44bd79a1e");
b.send(JSON.stringify(a));c.classList.add("feedback-hidden");d.classList.remove("feedback-hidden")};document.addEventListener("DOMContentLoaded",function(){var a=document.getElementById("error-feedback"),c=document.getElementById("feedback-button-yes"),d=document.getElementById("feedback-button-no");"classList"in a&&(a.classList.remove("feedback-hidden"),c.addEventListener("click",function(){e(!0)}),d.addEventListener("click",function(){e(!1)}))})}})();
</script>

<script defer src="https://performance.radar.cloudflare.com/beacon.js"></script>
<script async src='/cdn-cgi/bm/cv/669835187/api.js'></script></head>
<body>
  <div id="cf-wrapper">
    <div class="cf-alert cf-alert-error cf-cookie-error hidden" id="cookie-alert" data-translate="enable_cookies">Please enable cookies.</div>
    <div id="cf-error-details" class="p-0">
      <header class="mx-auto pt-10 lg:pt-6 lg:px-8 w-240 lg:w-full mb-15 antialiased">
         <h1 class="inline-block md:block mr-2 md:mb-2 font-light text-60 md:text-3xl text-black-dark leading-tight">
           <span data-translate="error">Error</span>
           <span>1015</span>
         </h1>
         <span class="inline-block md:block heading-ray-id font-mono text-15 lg:text-sm lg:leading-relaxed">Ray ID: 72dbdcd768cfacec &bull;</span>
         <span class="inline-block md:block heading-ray-id font-mono text-15 lg:text-sm lg:leading-relaxed">2022-07-20 12:57:26 UTC</span>
        <h2 class="text-gray-600 leading-1.3 text-3xl lg:text-2xl font-light">You are being rate limited</h2>
      </header>

      <section class="w-240 lg:w-full mx-auto mb-8 lg:px-8">
          <div id="what-happened-section" class="w-1/2 md:w-full">
            <h2 class="text-3xl leading-tight font-normal mb-4 text-black-dark antialiased" data-translate="what_happened">What happened?</h2>
            <p>The owner of this website (discord.com) has banned you temporarily from accessing this website.</p>
            
          </div>

          
      </section>

      <div class="feedback-hidden py-8 text-center" id="error-feedback">
    <div id="error-feedback-survey" class="footer-line-wrapper">
        Was this page helpful?
        <button class="border border-solid bg-white cf-button cursor-pointer ml-4 px-4 py-2 rounded" id="feedback-button-yes" type="button">Yes</button>
        <button class="border border-solid bg-white cf-button cursor-pointer ml-4 px-4 py-2 rounded" id="feedback-button-no" type="button">No</button>
    </div>
    <div class="feedback-success feedback-hidden" id="error-feedback-success">
        Thank you for your feedback!
    </div>
</div>


      <div class="cf-error-footer cf-wrapper w-240 lg:w-full py-10 sm:py-4 sm:px-8 mx-auto text-center sm:text-left border-solid border-0 border-t border-gray-300">
  <p class="text-13">
    <span class="cf-footer-item sm:block sm:mb-1">Cloudflare Ray ID: <strong class="font-semibold">72dbdcd768cfacec</strong></span>
    <span class="cf-footer-separator sm:hidden">&bull;</span>
    <span id="cf-footer-item-ip" class="cf-footer-item hidden sm:block sm:mb-1">
      Your IP:
      <button type="button" id="cf-footer-ip-reveal" class="cf-footer-ip-reveal-btn">Click to reveal</button>
      <span class="hidden" id="cf-footer-ip">34.138.191.159</span>
      <span class="cf-footer-separator sm:hidden">&bull;</span>
    </span>
    <span class="cf-footer-item sm:block sm:mb-1"><span>Performance &amp; security by</span> <a rel="noopener noreferrer" href="https://www.cloudflare.com/5xx-error-landing" id="brand_link" target="_blank">Cloudflare</a></span>
    
  </p>
  <script>(function(){function d(){var b=a.getElementById("cf-footer-item-ip"),c=a.getElementById("cf-footer-ip-reveal");b&&"classList"in b&&(b.classList.remove("hidden"),c.addEventListener("click",function(){c.classList.add("hidden");a.getElementById("cf-footer-ip").classList.remove("hidden")}))}var a=document;document.addEventListener&&a.addEventListener("DOMContentLoaded",d)})();</script>
</div><!-- /.error-footer -->


    </div><!-- /#cf-error-details -->
  </div><!-- /#cf-wrapper -->

  <script>
  window._cf_translation = {};
  
  
</script>

<script>(function(){window['__CF$cv$params']={r:'72dbdcd768cfacec',m:'AD6m80Ih.HKj9D_Px2_0rGsd_kVVIQ9ZGqj.LR_9bpM-1658321846-0-AWy4Uzi131SzvdyXsI+RJI8EY+nPtOx1lRsTNjySdhxoVJcba4JjDUcHOrZcs9l/HquEijm4uQxf8ncctFWliYu1/U9Cvj6wdGnp5J3aNeGbZNJ4VHlWXAqtuixA+sFWEA==',s:[0x6460f8fbd8,0x7828e9b1bb],}})();</script></body>
</html>


The above exception was the direct cause of the following exception:

Traceback (most recent call last):
  File "/home/runner/testing/venv/lib/python3.8/site-packages/discord/client.py", line 667, in connect
    self.ws = await asyncio.wait_for(coro, timeout=60.0)
  File "/nix/store/p21fdyxqb3yqflpim7g8s1mymgpnqiv7-python3-3.8.12/lib/python3.8/asyncio/tasks.py", line 494, in wait_for
    return fut.result()
  File "/home/runner/testing/venv/lib/python3.8/site-packages/discord/gateway.py", line 358, in from_client
    gateway = gateway or await client.http.get_gateway()
  File "/home/runner/testing/venv/lib/python3.8/site-packages/discord/http.py", line 2109, in get_gateway
    raise GatewayNotFound() from exc
discord.errors.GatewayNotFound: The gateway to connect to discord was not found.
[2022-07-20 12:57:27] [ERROR   ] discord.client: Attempting a reconnect in 3.17s
Traceback (most recent call last):
  File "/home/runner/testing/venv/lib/python3.8/site-packages/discord/http.py", line 2107, in get_gateway
    data = await self.request(Route('GET', '/gateway'))
  File "/home/runner/testing/venv/lib/python3.8/site-packages/discord/http.py", line 469, in request
    raise HTTPException(response, data)
discord.errors.HTTPException: 429 Too Many Requests (error code: 0): <!DOCTYPE html>
<!--[if lt IE 7]> <html class="no-js ie6 oldie" lang="en-US"> <![endif]-->
<!--[if IE 7]>    <html class="no-js ie7 oldie" lang="en-US"> <![endif]-->
<!--[if IE 8]>    <html class="no-js ie8 oldie" lang="en-US"> <![endif]-->
<!--[if gt IE 8]><!--> <html class="no-js" lang="en-US"> <!--<![endif]-->
<head>
<title>Access denied | discord.com used Cloudflare to restrict access</title>
<meta charset="UTF-8" />
<meta http-equiv="Content-Type" content="text/html; charset=UTF-8" />
<meta http-equiv="X-UA-Compatible" content="IE=Edge" />
<meta name="robots" content="noindex, nofollow" />
<meta name="viewport" content="width=device-width,initial-scale=1" />
<link rel="stylesheet" id="cf_styles-css" href="/cdn-cgi/styles/main.css" />


<script>
(function(){if(document.addEventListener&&window.XMLHttpRequest&&JSON&&JSON.stringify){var e=function(a){var c=document.getElementById("error-feedback-survey"),d=document.getElementById("error-feedback-success"),b=new XMLHttpRequest;a={event:"feedback clicked",properties:{errorCode:1015,helpful:a,version:1}};b.open("POST","https://sparrow.cloudflare.com/api/v1/event");b.setRequestHeader("Content-Type","application/json");b.setRequestHeader("Sparrow-Source-Key","c771f0e4b54944bebf4261d44bd79a1e");
b.send(JSON.stringify(a));c.classList.add("feedback-hidden");d.classList.remove("feedback-hidden")};document.addEventListener("DOMContentLoaded",function(){var a=document.getElementById("error-feedback"),c=document.getElementById("feedback-button-yes"),d=document.getElementById("feedback-button-no");"classList"in a&&(a.classList.remove("feedback-hidden"),c.addEventListener("click",function(){e(!0)}),d.addEventListener("click",function(){e(!1)}))})}})();
</script>

<script defer src="https://performance.radar.cloudflare.com/beacon.js"></script>
<script async src='/cdn-cgi/bm/cv/669835187/api.js'></script></head>
<body>
  <div id="cf-wrapper">
    <div class="cf-alert cf-alert-error cf-cookie-error hidden" id="cookie-alert" data-translate="enable_cookies">Please enable cookies.</div>
    <div id="cf-error-details" class="p-0">
      <header class="mx-auto pt-10 lg:pt-6 lg:px-8 w-240 lg:w-full mb-15 antialiased">
         <h1 class="inline-block md:block mr-2 md:mb-2 font-light text-60 md:text-3xl text-black-dark leading-tight">
           <span data-translate="error">Error</span>
           <span>1015</span>
         </h1>
         <span class="inline-block md:block heading-ray-id font-mono text-15 lg:text-sm lg:leading-relaxed">Ray ID: 72dbdcda680cad19 &bull;</span>
         <span class="inline-block md:block heading-ray-id font-mono text-15 lg:text-sm lg:leading-relaxed">2022-07-20 12:57:27 UTC</span>
        <h2 class="text-gray-600 leading-1.3 text-3xl lg:text-2xl font-light">You are being rate limited</h2>
      </header>

      <section class="w-240 lg:w-full mx-auto mb-8 lg:px-8">
          <div id="what-happened-section" class="w-1/2 md:w-full">
            <h2 class="text-3xl leading-tight font-normal mb-4 text-black-dark antialiased" data-translate="what_happened">What happened?</h2>
            <p>The owner of this website (discord.com) has banned you temporarily from accessing this website.</p>
            
          </div>

          
      </section>

      <div class="feedback-hidden py-8 text-center" id="error-feedback">
    <div id="error-feedback-survey" class="footer-line-wrapper">
        Was this page helpful?
        <button class="border border-solid bg-white cf-button cursor-pointer ml-4 px-4 py-2 rounded" id="feedback-button-yes" type="button">Yes</button>
        <button class="border border-solid bg-white cf-button cursor-pointer ml-4 px-4 py-2 rounded" id="feedback-button-no" type="button">No</button>
    </div>
    <div class="feedback-success feedback-hidden" id="error-feedback-success">
        Thank you for your feedback!
    </div>
</div>


      <div class="cf-error-footer cf-wrapper w-240 lg:w-full py-10 sm:py-4 sm:px-8 mx-auto text-center sm:text-left border-solid border-0 border-t border-gray-300">
  <p class="text-13">
    <span class="cf-footer-item sm:block sm:mb-1">Cloudflare Ray ID: <strong class="font-semibold">72dbdcda680cad19</strong></span>
    <span class="cf-footer-separator sm:hidden">&bull;</span>
    <span id="cf-footer-item-ip" class="cf-footer-item hidden sm:block sm:mb-1">
      Your IP:
      <button type="button" id="cf-footer-ip-reveal" class="cf-footer-ip-reveal-btn">Click to reveal</button>
      <span class="hidden" id="cf-footer-ip">34.138.191.159</span>
      <span class="cf-footer-separator sm:hidden">&bull;</span>
    </span>
    <span class="cf-footer-item sm:block sm:mb-1"><span>Performance &amp; security by</span> <a rel="noopener noreferrer" href="https://www.cloudflare.com/5xx-error-landing" id="brand_link" target="_blank">Cloudflare</a></span>
    
  </p>
  <script>(function(){function d(){var b=a.getElementById("cf-footer-item-ip"),c=a.getElementById("cf-footer-ip-reveal");b&&"classList"in b&&(b.classList.remove("hidden"),c.addEventListener("click",function(){c.classList.add("hidden");a.getElementById("cf-footer-ip").classList.remove("hidden")}))}var a=document;document.addEventListener&&a.addEventListener("DOMContentLoaded",d)})();</script>
</div><!-- /.error-footer -->


    </div><!-- /#cf-error-details -->
  </div><!-- /#cf-wrapper -->

  <script>
  window._cf_translation = {};
  
  
</script>

<script>(function(){window['__CF$cv$params']={r:'72dbdcda680cad19',m:'.5bYV3s5CPGhtpJ3aaYu65Rfi0sUE6W5MCIX6dRXmck-1658321847-0-AUGjrKwtspwgBPhccXiDnCbtBLQ0xZNWnCK+XzvxLcsMfi77r4R+FSltxuQFlVK8lkc7slGC7GGGsv68BjKyudWjCo2hrd/XLlnxvYCrx8cXa79UKM8QoRPhOggY0BRSDw==',s:[0x2d86e94ab5,0x348687d21c],}})();</script></body>
</html>


The above exception was the direct cause of the following exception:

Traceback (most recent call last):
  File "/home/runner/testing/venv/lib/python3.8/site-packages/discord/client.py", line 667, in connect
    self.ws = await asyncio.wait_for(coro, timeout=60.0)
  File "/nix/store/p21fdyxqb3yqflpim7g8s1mymgpnqiv7-python3-3.8.12/lib/python3.8/asyncio/tasks.py", line 494, in wait_for
    return fut.result()
  File "/home/runner/testing/venv/lib/python3.8/site-packages/discord/gateway.py", line 358, in from_client
    gateway = gateway or await client.http.get_gateway()
  File "/home/runner/testing/venv/lib/python3.8/site-packages/discord/http.py", line 2109, in get_gateway
    raise GatewayNotFound() from exc
discord.errors.GatewayNotFound: The gateway to connect to discord was not found.
[2022-07-20 12:57:30] [ERROR   ] discord.client: Attempting a reconnect in 6.35s
Traceback (most recent call last):
  File "/home/runner/testing/venv/lib/python3.8/site-packages/discord/http.py", line 2107, in get_gateway
    data = await self.request(Route('GET', '/gateway'))
  File "/home/runner/testing/venv/lib/python3.8/site-packages/discord/http.py", line 469, in request
    raise HTTPException(response, data)
discord.errors.HTTPException: 429 Too Many Requests (error code: 0): <!DOCTYPE html>
<!--[if lt IE 7]> <html class="no-js ie6 oldie" lang="en-US"> <![endif]-->
<!--[if IE 7]>    <html class="no-js ie7 oldie" lang="en-US"> <![endif]-->
<!--[if IE 8]>    <html class="no-js ie8 oldie" lang="en-US"> <![endif]-->
<!--[if gt IE 8]><!--> <html class="no-js" lang="en-US"> <!--<![endif]-->
<head>
<title>Access denied | discord.com used Cloudflare to restrict access</title>
<meta charset="UTF-8" />
<meta http-equiv="Content-Type" content="text/html; charset=UTF-8" />
<meta http-equiv="X-UA-Compatible" content="IE=Edge" />
<meta name="robots" content="noindex, nofollow" />
<meta name="viewport" content="width=device-width,initial-scale=1" />
<link rel="stylesheet" id="cf_styles-css" href="/cdn-cgi/styles/main.css" />


<script>
(function(){if(document.addEventListener&&window.XMLHttpRequest&&JSON&&JSON.stringify){var e=function(a){var c=document.getElementById("error-feedback-survey"),d=document.getElementById("error-feedback-success"),b=new XMLHttpRequest;a={event:"feedback clicked",properties:{errorCode:1015,helpful:a,version:1}};b.open("POST","https://sparrow.cloudflare.com/api/v1/event");b.setRequestHeader("Content-Type","application/json");b.setRequestHeader("Sparrow-Source-Key","c771f0e4b54944bebf4261d44bd79a1e");
b.send(JSON.stringify(a));c.classList.add("feedback-hidden");d.classList.remove("feedback-hidden")};document.addEventListener("DOMContentLoaded",function(){var a=document.getElementById("error-feedback"),c=document.getElementById("feedback-button-yes"),d=document.getElementById("feedback-button-no");"classList"in a&&(a.classList.remove("feedback-hidden"),c.addEventListener("click",function(){e(!0)}),d.addEventListener("click",function(){e(!1)}))})}})();
</script>

<script defer src="https://performance.radar.cloudflare.com/beacon.js"></script>
<script async src='/cdn-cgi/bm/cv/669835187/api.js'></script></head>
<body>
  <div id="cf-wrapper">
    <div class="cf-alert cf-alert-error cf-cookie-error hidden" id="cookie-alert" data-translate="enable_cookies">Please enable cookies.</div>
    <div id="cf-error-details" class="p-0">
      <header class="mx-auto pt-10 lg:pt-6 lg:px-8 w-240 lg:w-full mb-15 antialiased">
         <h1 class="inline-block md:block mr-2 md:mb-2 font-light text-60 md:text-3xl text-black-dark leading-tight">
           <span data-translate="error">Error</span>
           <span>1015</span>
         </h1>
         <span class="inline-block md:block heading-ray-id font-mono text-15 lg:text-sm lg:leading-relaxed">Ray ID: 72dbdcee7ec5b0a6 &bull;</span>
         <span class="inline-block md:block heading-ray-id font-mono text-15 lg:text-sm lg:leading-relaxed">2022-07-20 12:57:30 UTC</span>
        <h2 class="text-gray-600 leading-1.3 text-3xl lg:text-2xl font-light">You are being rate limited</h2>
      </header>

      <section class="w-240 lg:w-full mx-auto mb-8 lg:px-8">
          <div id="what-happened-section" class="w-1/2 md:w-full">
            <h2 class="text-3xl leading-tight font-normal mb-4 text-black-dark antialiased" data-translate="what_happened">What happened?</h2>
            <p>The owner of this website (discord.com) has banned you temporarily from accessing this website.</p>
            
          </div>

          
      </section>

      <div class="feedback-hidden py-8 text-center" id="error-feedback">
    <div id="error-feedback-survey" class="footer-line-wrapper">
        Was this page helpful?
        <button class="border border-solid bg-white cf-button cursor-pointer ml-4 px-4 py-2 rounded" id="feedback-button-yes" type="button">Yes</button>
        <button class="border border-solid bg-white cf-button cursor-pointer ml-4 px-4 py-2 rounded" id="feedback-button-no" type="button">No</button>
    </div>
    <div class="feedback-success feedback-hidden" id="error-feedback-success">
        Thank you for your feedback!
    </div>
</div>


      <div class="cf-error-footer cf-wrapper w-240 lg:w-full py-10 sm:py-4 sm:px-8 mx-auto text-center sm:text-left border-solid border-0 border-t border-gray-300">
  <p class="text-13">
    <span class="cf-footer-item sm:block sm:mb-1">Cloudflare Ray ID: <strong class="font-semibold">72dbdcee7ec5b0a6</strong></span>
    <span class="cf-footer-separator sm:hidden">&bull;</span>
    <span id="cf-footer-item-ip" class="cf-footer-item hidden sm:block sm:mb-1">
      Your IP:
      <button type="button" id="cf-footer-ip-reveal" class="cf-footer-ip-reveal-btn">Click to reveal</button>
      <span class="hidden" id="cf-footer-ip">34.138.191.159</span>
      <span class="cf-footer-separator sm:hidden">&bull;</span>
    </span>
    <span class="cf-footer-item sm:block sm:mb-1"><span>Performance &amp; security by</span> <a rel="noopener noreferrer" href="https://www.cloudflare.com/5xx-error-landing" id="brand_link" target="_blank">Cloudflare</a></span>
    
  </p>
  <script>(function(){function d(){var b=a.getElementById("cf-footer-item-ip"),c=a.getElementById("cf-footer-ip-reveal");b&&"classList"in b&&(b.classList.remove("hidden"),c.addEventListener("click",function(){c.classList.add("hidden");a.getElementById("cf-footer-ip").classList.remove("hidden")}))}var a=document;document.addEventListener&&a.addEventListener("DOMContentLoaded",d)})();</script>
</div><!-- /.error-footer -->


    </div><!-- /#cf-error-details -->
  </div><!-- /#cf-wrapper -->

  <script>
  window._cf_translation = {};
  
  
</script>

<script>(function(){window['__CF$cv$params']={r:'72dbdcee7ec5b0a6',m:'o4mEX1.E0CEbHzlcYkQyhlzuMdwcgMVM3ATb3YBw5so-1658321850-0-AV2Yqwp/TFntIf0+Pm/XlsvU5j8Gdxw5spQKgEEJd7qI6BTWQzU6ei2R48bvvoNUueKigQgWR5j05RipKi0KRI/+y3zN23cW+aCt/wXKKi0UG9UwnT43JnkonkdgHykOXg==',s:[0xe909b6ef90,0x0d099b554f],}})();</script></body>
</html>


The above exception was the direct cause of the following exception:

Traceback (most recent call last):
  File "/home/runner/testing/venv/lib/python3.8/site-packages/discord/client.py", line 667, in connect
    self.ws = await asyncio.wait_for(coro, timeout=60.0)
  File "/nix/store/p21fdyxqb3yqflpim7g8s1mymgpnqiv7-python3-3.8.12/lib/python3.8/asyncio/tasks.py", line 494, in wait_for
    return fut.result()
  File "/home/runner/testing/venv/lib/python3.8/site-packages/discord/gateway.py", line 358, in from_client
    gateway = gateway or await client.http.get_gateway()
  File "/home/runner/testing/venv/lib/python3.8/site-packages/discord/http.py", line 2109, in get_gateway
    raise GatewayNotFound() from exc
discord.errors.GatewayNotFound: The gateway to connect to discord was not found.
[2022-07-20 12:57:37] [ERROR   ] discord.client: Attempting a reconnect in 13.06s
Traceback (most recent call last):
  File "/home/runner/testing/venv/lib/python3.8/site-packages/discord/http.py", line 2107, in get_gateway
    data = await self.request(Route('GET', '/gateway'))
  File "/home/runner/testing/venv/lib/python3.8/site-packages/discord/http.py", line 469, in request
    raise HTTPException(response, data)
discord.errors.HTTPException: 429 Too Many Requests (error code: 0): <!DOCTYPE html>
<!--[if lt IE 7]> <html class="no-js ie6 oldie" lang="en-US"> <![endif]-->
<!--[if IE 7]>    <html class="no-js ie7 oldie" lang="en-US"> <![endif]-->
<!--[if IE 8]>    <html class="no-js ie8 oldie" lang="en-US"> <![endif]-->
<!--[if gt IE 8]><!--> <html class="no-js" lang="en-US"> <!--<![endif]-->
<head>
<title>Access denied | discord.com used Cloudflare to restrict access</title>
<meta charset="UTF-8" />
<meta http-equiv="Content-Type" content="text/html; charset=UTF-8" />
<meta http-equiv="X-UA-Compatible" content="IE=Edge" />
<meta name="robots" content="noindex, nofollow" />
<meta name="viewport" content="width=device-width,initial-scale=1" />
<link rel="stylesheet" id="cf_styles-css" href="/cdn-cgi/styles/main.css" />


<script>
(function(){if(document.addEventListener&&window.XMLHttpRequest&&JSON&&JSON.stringify){var e=function(a){var c=document.getElementById("error-feedback-survey"),d=document.getElementById("error-feedback-success"),b=new XMLHttpRequest;a={event:"feedback clicked",properties:{errorCode:1015,helpful:a,version:1}};b.open("POST","https://sparrow.cloudflare.com/api/v1/event");b.setRequestHeader("Content-Type","application/json");b.setRequestHeader("Sparrow-Source-Key","c771f0e4b54944bebf4261d44bd79a1e");
b.send(JSON.stringify(a));c.classList.add("feedback-hidden");d.classList.remove("feedback-hidden")};document.addEventListener("DOMContentLoaded",function(){var a=document.getElementById("error-feedback"),c=document.getElementById("feedback-button-yes"),d=document.getElementById("feedback-button-no");"classList"in a&&(a.classList.remove("feedback-hidden"),c.addEventListener("click",function(){e(!0)}),d.addEventListener("click",function(){e(!1)}))})}})();
</script>

<script defer src="https://performance.radar.cloudflare.com/beacon.js"></script>
<script async src='/cdn-cgi/bm/cv/669835187/api.js'></script></head>
<body>
  <div id="cf-wrapper">
    <div class="cf-alert cf-alert-error cf-cookie-error hidden" id="cookie-alert" data-translate="enable_cookies">Please enable cookies.</div>
    <div id="cf-error-details" class="p-0">
      <header class="mx-auto pt-10 lg:pt-6 lg:px-8 w-240 lg:w-full mb-15 antialiased">
         <h1 class="inline-block md:block mr-2 md:mb-2 font-light text-60 md:text-3xl text-black-dark leading-tight">
           <span data-translate="error">Error</span>
           <span>1015</span>
         </h1>
         <span class="inline-block md:block heading-ray-id font-mono text-15 lg:text-sm lg:leading-relaxed">Ray ID: 72dbdd169848b100 &bull;</span>
         <span class="inline-block md:block heading-ray-id font-mono text-15 lg:text-sm lg:leading-relaxed">2022-07-20 12:57:37 UTC</span>
        <h2 class="text-gray-600 leading-1.3 text-3xl lg:text-2xl font-light">You are being rate limited</h2>
      </header>

      <section class="w-240 lg:w-full mx-auto mb-8 lg:px-8">
          <div id="what-happened-section" class="w-1/2 md:w-full">
            <h2 class="text-3xl leading-tight font-normal mb-4 text-black-dark antialiased" data-translate="what_happened">What happened?</h2>
            <p>The owner of this website (discord.com) has banned you temporarily from accessing this website.</p>
            
          </div>

          
      </section>

      <div class="feedback-hidden py-8 text-center" id="error-feedback">
    <div id="error-feedback-survey" class="footer-line-wrapper">
        Was this page helpful?
        <button class="border border-solid bg-white cf-button cursor-pointer ml-4 px-4 py-2 rounded" id="feedback-button-yes" type="button">Yes</button>
        <button class="border border-solid bg-white cf-button cursor-pointer ml-4 px-4 py-2 rounded" id="feedback-button-no" type="button">No</button>
    </div>
    <div class="feedback-success feedback-hidden" id="error-feedback-success">
        Thank you for your feedback!
    </div>
</div>


      <div class="cf-error-footer cf-wrapper w-240 lg:w-full py-10 sm:py-4 sm:px-8 mx-auto text-center sm:text-left border-solid border-0 border-t border-gray-300">
  <p class="text-13">
    <span class="cf-footer-item sm:block sm:mb-1">Cloudflare Ray ID: <strong class="font-semibold">72dbdd169848b100</strong></span>
    <span class="cf-footer-separator sm:hidden">&bull;</span>
    <span id="cf-footer-item-ip" class="cf-footer-item hidden sm:block sm:mb-1">
      Your IP:
      <button type="button" id="cf-footer-ip-reveal" class="cf-footer-ip-reveal-btn">Click to reveal</button>
      <span class="hidden" id="cf-footer-ip">34.138.191.159</span>
      <span class="cf-footer-separator sm:hidden">&bull;</span>
    </span>
    <span class="cf-footer-item sm:block sm:mb-1"><span>Performance &amp; security by</span> <a rel="noopener noreferrer" href="https://www.cloudflare.com/5xx-error-landing" id="brand_link" target="_blank">Cloudflare</a></span>
    
  </p>
  <script>(function(){function d(){var b=a.getElementById("cf-footer-item-ip"),c=a.getElementById("cf-footer-ip-reveal");b&&"classList"in b&&(b.classList.remove("hidden"),c.addEventListener("click",function(){c.classList.add("hidden");a.getElementById("cf-footer-ip").classList.remove("hidden")}))}var a=document;document.addEventListener&&a.addEventListener("DOMContentLoaded",d)})();</script>
</div><!-- /.error-footer -->


    </div><!-- /#cf-error-details -->
  </div><!-- /#cf-wrapper -->

  <script>
  window._cf_translation = {};
  
  
</script>

<script>(function(){window['__CF$cv$params']={r:'72dbdd169848b100',m:'Rvr8V_9eR2pVwH4WkExjOT8C4q.rfkethCmLfVh.M94-1658321857-0-Abxt4iCwJu3mzea88oD48DNZxJEjOOwIalAUINWAtAaN8wqBXPE2CpEaDcN94XpdRRnmJmIi2oMdaTlwmWtDKECbo96RNrUU0z+sagWHWNqCR/OX5qjijLG0qJYZUbQe5A==',s:[0x8544f205f7,0x41e1de363f],}})();</script></body>
</html>


The above exception was the direct cause of the following exception:

Traceback (most recent call last):
  File "/home/runner/testing/venv/lib/python3.8/site-packages/discord/client.py", line 667, in connect
    self.ws = await asyncio.wait_for(coro, timeout=60.0)
  File "/nix/store/p21fdyxqb3yqflpim7g8s1mymgpnqiv7-python3-3.8.12/lib/python3.8/asyncio/tasks.py", line 494, in wait_for
    return fut.result()
  File "/home/runner/testing/venv/lib/python3.8/site-packages/discord/gateway.py", line 358, in from_client
    gateway = gateway or await client.http.get_gateway()
  File "/home/runner/testing/venv/lib/python3.8/site-packages/discord/http.py", line 2109, in get_gateway
    raise GatewayNotFound() from exc
discord.errors.GatewayNotFound: The gateway to connect to discord was not found.
[2022-07-20 12:57:50] [ERROR   ] discord.client: Attempting a reconnect in 5.89s
Traceback (most recent call last):
  File "/home/runner/testing/venv/lib/python3.8/site-packages/discord/http.py", line 2107, in get_gateway
    data = await self.request(Route('GET', '/gateway'))
  File "/home/runner/testing/venv/lib/python3.8/site-packages/discord/http.py", line 469, in request
    raise HTTPException(response, data)
discord.errors.HTTPException: 429 Too Many Requests (error code: 0): <!DOCTYPE html>
<!--[if lt IE 7]> <html class="no-js ie6 oldie" lang="en-US"> <![endif]-->
<!--[if IE 7]>    <html class="no-js ie7 oldie" lang="en-US"> <![endif]-->
<!--[if IE 8]>    <html class="no-js ie8 oldie" lang="en-US"> <![endif]-->
<!--[if gt IE 8]><!--> <html class="no-js" lang="en-US"> <!--<![endif]-->
<head>
<title>Access denied | discord.com used Cloudflare to restrict access</title>
<meta charset="UTF-8" />
<meta http-equiv="Content-Type" content="text/html; charset=UTF-8" />
<meta http-equiv="X-UA-Compatible" content="IE=Edge" />
<meta name="robots" content="noindex, nofollow" />
<meta name="viewport" content="width=device-width,initial-scale=1" />
<link rel="stylesheet" id="cf_styles-css" href="/cdn-cgi/styles/main.css" />


<script>
(function(){if(document.addEventListener&&window.XMLHttpRequest&&JSON&&JSON.stringify){var e=function(a){var c=document.getElementById("error-feedback-survey"),d=document.getElementById("error-feedback-success"),b=new XMLHttpRequest;a={event:"feedback clicked",properties:{errorCode:1015,helpful:a,version:1}};b.open("POST","https://sparrow.cloudflare.com/api/v1/event");b.setRequestHeader("Content-Type","application/json");b.setRequestHeader("Sparrow-Source-Key","c771f0e4b54944bebf4261d44bd79a1e");
b.send(JSON.stringify(a));c.classList.add("feedback-hidden");d.classList.remove("feedback-hidden")};document.addEventListener("DOMContentLoaded",function(){var a=document.getElementById("error-feedback"),c=document.getElementById("feedback-button-yes"),d=document.getElementById("feedback-button-no");"classList"in a&&(a.classList.remove("feedback-hidden"),c.addEventListener("click",function(){e(!0)}),d.addEventListener("click",function(){e(!1)}))})}})();
</script>

<script defer src="https://performance.radar.cloudflare.com/beacon.js"></script>
<script async src='/cdn-cgi/bm/cv/669835187/api.js'></script></head>
<body>
  <div id="cf-wrapper">
    <div class="cf-alert cf-alert-error cf-cookie-error hidden" id="cookie-alert" data-translate="enable_cookies">Please enable cookies.</div>
    <div id="cf-error-details" class="p-0">
      <header class="mx-auto pt-10 lg:pt-6 lg:px-8 w-240 lg:w-full mb-15 antialiased">
         <h1 class="inline-block md:block mr-2 md:mb-2 font-light text-60 md:text-3xl text-black-dark leading-tight">
           <span data-translate="error">Error</span>
           <span>1015</span>
         </h1>
         <span class="inline-block md:block heading-ray-id font-mono text-15 lg:text-sm lg:leading-relaxed">Ray ID: 72dbdd68b89eada0 &bull;</span>
         <span class="inline-block md:block heading-ray-id font-mono text-15 lg:text-sm lg:leading-relaxed">2022-07-20 12:57:50 UTC</span>
        <h2 class="text-gray-600 leading-1.3 text-3xl lg:text-2xl font-light">You are being rate limited</h2>
      </header>

      <section class="w-240 lg:w-full mx-auto mb-8 lg:px-8">
          <div id="what-happened-section" class="w-1/2 md:w-full">
            <h2 class="text-3xl leading-tight font-normal mb-4 text-black-dark antialiased" data-translate="what_happened">What happened?</h2>
            <p>The owner of this website (discord.com) has banned you temporarily from accessing this website.</p>
            
          </div>

          
      </section>

      <div class="feedback-hidden py-8 text-center" id="error-feedback">
    <div id="error-feedback-survey" class="footer-line-wrapper">
        Was this page helpful?
        <button class="border border-solid bg-white cf-button cursor-pointer ml-4 px-4 py-2 rounded" id="feedback-button-yes" type="button">Yes</button>
        <button class="border border-solid bg-white cf-button cursor-pointer ml-4 px-4 py-2 rounded" id="feedback-button-no" type="button">No</button>
    </div>
    <div class="feedback-success feedback-hidden" id="error-feedback-success">
        Thank you for your feedback!
    </div>
</div>


      <div class="cf-error-footer cf-wrapper w-240 lg:w-full py-10 sm:py-4 sm:px-8 mx-auto text-center sm:text-left border-solid border-0 border-t border-gray-300">
  <p class="text-13">
    <span class="cf-footer-item sm:block sm:mb-1">Cloudflare Ray ID: <strong class="font-semibold">72dbdd68b89eada0</strong></span>
    <span class="cf-footer-separator sm:hidden">&bull;</span>
    <span id="cf-footer-item-ip" class="cf-footer-item hidden sm:block sm:mb-1">
      Your IP:
      <button type="button" id="cf-footer-ip-reveal" class="cf-footer-ip-reveal-btn">Click to reveal</button>
      <span class="hidden" id="cf-footer-ip">34.138.191.159</span>
      <span class="cf-footer-separator sm:hidden">&bull;</span>
    </span>
    <span class="cf-footer-item sm:block sm:mb-1"><span>Performance &amp; security by</span> <a rel="noopener noreferrer" href="https://www.cloudflare.com/5xx-error-landing" id="brand_link" target="_blank">Cloudflare</a></span>
    
  </p>
  <script>(function(){function d(){var b=a.getElementById("cf-footer-item-ip"),c=a.getElementById("cf-footer-ip-reveal");b&&"classList"in b&&(b.classList.remove("hidden"),c.addEventListener("click",function(){c.classList.add("hidden");a.getElementById("cf-footer-ip").classList.remove("hidden")}))}var a=document;document.addEventListener&&a.addEventListener("DOMContentLoaded",d)})();</script>
</div><!-- /.error-footer -->


    </div><!-- /#cf-error-details -->
  </div><!-- /#cf-wrapper -->

  <script>
  window._cf_translation = {};
  
  
</script>

<script>(function(){window['__CF$cv$params']={r:'72dbdd68b89eada0',m:'cHj0E0cBF4eSQFIs_uW2ZN7F2hUdR.VffaWV81NT3DU-1658321870-0-AdMxHvutUD6Rrztx6kvAxyAO5KhzWAlmw0RHeMnzfWaSgfa+ROzEDJX6PQa0ewdD4VDnjGpIpL5GkTcY4Rq37n8sPd30jnkzoH55BA2Axpq/QYgWf623A3apMWpUQem5oQ==',s:[0x3f5ee91a91,0xd33651ae66],}})();</script></body>
</html>


The above exception was the direct cause of the following exception:

Traceback (most recent call last):
  File "/home/runner/testing/venv/lib/python3.8/site-packages/discord/client.py", line 667, in connect
    self.ws = await asyncio.wait_for(coro, timeout=60.0)
  File "/nix/store/p21fdyxqb3yqflpim7g8s1mymgpnqiv7-python3-3.8.12/lib/python3.8/asyncio/tasks.py", line 494, in wait_for
    return fut.result()
  File "/home/runner/testing/venv/lib/python3.8/site-packages/discord/gateway.py", line 358, in from_client
    gateway = gateway or await client.http.get_gateway()
  File "/home/runner/testing/venv/lib/python3.8/site-packages/discord/http.py", line 2109, in get_gateway
    raise GatewayNotFound() from exc
discord.errors.GatewayNotFound: The gateway to connect to discord was not found.
[2022-07-20 12:57:56] [ERROR   ] discord.client: Attempting a reconnect in 44.93s
Traceback (most recent call last):
  File "/home/runner/testing/venv/lib/python3.8/site-packages/discord/http.py", line 2107, in get_gateway
    data = await self.request(Route('GET', '/gateway'))
  File "/home/runner/testing/venv/lib/python3.8/site-packages/discord/http.py", line 469, in request
    raise HTTPException(response, data)
discord.errors.HTTPException: 429 Too Many Requests (error code: 0): <!DOCTYPE html>
<!--[if lt IE 7]> <html class="no-js ie6 oldie" lang="en-US"> <![endif]-->
<!--[if IE 7]>    <html class="no-js ie7 oldie" lang="en-US"> <![endif]-->
<!--[if IE 8]>    <html class="no-js ie8 oldie" lang="en-US"> <![endif]-->
<!--[if gt IE 8]><!--> <html class="no-js" lang="en-US"> <!--<![endif]-->
<head>
<title>Access denied | discord.com used Cloudflare to restrict access</title>
<meta charset="UTF-8" />
<meta http-equiv="Content-Type" content="text/html; charset=UTF-8" />
<meta http-equiv="X-UA-Compatible" content="IE=Edge" />
<meta name="robots" content="noindex, nofollow" />
<meta name="viewport" content="width=device-width,initial-scale=1" />
<link rel="stylesheet" id="cf_styles-css" href="/cdn-cgi/styles/main.css" />


<script>
(function(){if(document.addEventListener&&window.XMLHttpRequest&&JSON&&JSON.stringify){var e=function(a){var c=document.getElementById("error-feedback-survey"),d=document.getElementById("error-feedback-success"),b=new XMLHttpRequest;a={event:"feedback clicked",properties:{errorCode:1015,helpful:a,version:1}};b.open("POST","https://sparrow.cloudflare.com/api/v1/event");b.setRequestHeader("Content-Type","application/json");b.setRequestHeader("Sparrow-Source-Key","c771f0e4b54944bebf4261d44bd79a1e");
b.send(JSON.stringify(a));c.classList.add("feedback-hidden");d.classList.remove("feedback-hidden")};document.addEventListener("DOMContentLoaded",function(){var a=document.getElementById("error-feedback"),c=document.getElementById("feedback-button-yes"),d=document.getElementById("feedback-button-no");"classList"in a&&(a.classList.remove("feedback-hidden"),c.addEventListener("click",function(){e(!0)}),d.addEventListener("click",function(){e(!1)}))})}})();
</script>

<script defer src="https://performance.radar.cloudflare.com/beacon.js"></script>
<script async src='/cdn-cgi/bm/cv/669835187/api.js'></script></head>
<body>
  <div id="cf-wrapper">
    <div class="cf-alert cf-alert-error cf-cookie-error hidden" id="cookie-alert" data-translate="enable_cookies">Please enable cookies.</div>
    <div id="cf-error-details" class="p-0">
      <header class="mx-auto pt-10 lg:pt-6 lg:px-8 w-240 lg:w-full mb-15 antialiased">
         <h1 class="inline-block md:block mr-2 md:mb-2 font-light text-60 md:text-3xl text-black-dark leading-tight">
           <span data-translate="error">Error</span>
           <span>1015</span>
         </h1>
         <span class="inline-block md:block heading-ray-id font-mono text-15 lg:text-sm lg:leading-relaxed">Ray ID: 72dbdd8dda40b082 &bull;</span>
         <span class="inline-block md:block heading-ray-id font-mono text-15 lg:text-sm lg:leading-relaxed">2022-07-20 12:57:56 UTC</span>
        <h2 class="text-gray-600 leading-1.3 text-3xl lg:text-2xl font-light">You are being rate limited</h2>
      </header>

      <section class="w-240 lg:w-full mx-auto mb-8 lg:px-8">
          <div id="what-happened-section" class="w-1/2 md:w-full">
            <h2 class="text-3xl leading-tight font-normal mb-4 text-black-dark antialiased" data-translate="what_happened">What happened?</h2>
            <p>The owner of this website (discord.com) has banned you temporarily from accessing this website.</p>
            
          </div>

          
      </section>

      <div class="feedback-hidden py-8 text-center" id="error-feedback">
    <div id="error-feedback-survey" class="footer-line-wrapper">
        Was this page helpful?
        <button class="border border-solid bg-white cf-button cursor-pointer ml-4 px-4 py-2 rounded" id="feedback-button-yes" type="button">Yes</button>
        <button class="border border-solid bg-white cf-button cursor-pointer ml-4 px-4 py-2 rounded" id="feedback-button-no" type="button">No</button>
    </div>
    <div class="feedback-success feedback-hidden" id="error-feedback-success">
        Thank you for your feedback!
    </div>
</div>


      <div class="cf-error-footer cf-wrapper w-240 lg:w-full py-10 sm:py-4 sm:px-8 mx-auto text-center sm:text-left border-solid border-0 border-t border-gray-300">
  <p class="text-13">
    <span class="cf-footer-item sm:block sm:mb-1">Cloudflare Ray ID: <strong class="font-semibold">72dbdd8dda40b082</strong></span>
    <span class="cf-footer-separator sm:hidden">&bull;</span>
    <span id="cf-footer-item-ip" class="cf-footer-item hidden sm:block sm:mb-1">
      Your IP:
      <button type="button" id="cf-footer-ip-reveal" class="cf-footer-ip-reveal-btn">Click to reveal</button>
      <span class="hidden" id="cf-footer-ip">34.138.191.159</span>
      <span class="cf-footer-separator sm:hidden">&bull;</span>
    </span>
    <span class="cf-footer-item sm:block sm:mb-1"><span>Performance &amp; security by</span> <a rel="noopener noreferrer" href="https://www.cloudflare.com/5xx-error-landing" id="brand_link" target="_blank">Cloudflare</a></span>
    
  </p>
  <script>(function(){function d(){var b=a.getElementById("cf-footer-item-ip"),c=a.getElementById("cf-footer-ip-reveal");b&&"classList"in b&&(b.classList.remove("hidden"),c.addEventListener("click",function(){c.classList.add("hidden");a.getElementById("cf-footer-ip").classList.remove("hidden")}))}var a=document;document.addEventListener&&a.addEventListener("DOMContentLoaded",d)})();</script>
</div><!-- /.error-footer -->


    </div><!-- /#cf-error-details -->
  </div><!-- /#cf-wrapper -->

  <script>
  window._cf_translation = {};
  
  
</script>

<script>(function(){window['__CF$cv$params']={r:'72dbdd8dda40b082',m:'uoRmhsiS_jm311yz4W73Sl_ljXGzzIY_mgKhY.jYbMw-1658321876-0-AZ9GOteecEZpFFJy3XJJ4gh906xxirRJwFBONLmEbbivL3nsHfI27vXvSrV4SXgZMC9pqyZ2aOpUb18nKPNxRHP/V4YMuVe5vPFJjGPRXsHAQaLFpoW6ytQfcyZEbIugxw==',s:[0x650a676c9d,0x80cd1e0c4e],}})();</script></body>
</html>


The above exception was the direct cause of the following exception:

Traceback (most recent call last):
  File "/home/runner/testing/venv/lib/python3.8/site-packages/discord/client.py", line 667, in connect
    self.ws = await asyncio.wait_for(coro, timeout=60.0)
  File "/nix/store/p21fdyxqb3yqflpim7g8s1mymgpnqiv7-python3-3.8.12/lib/python3.8/asyncio/tasks.py", line 494, in wait_for
    return fut.result()
  File "/home/runner/testing/venv/lib/python3.8/site-packages/discord/gateway.py", line 358, in from_client
    gateway = gateway or await client.http.get_gateway()
  File "/home/runner/testing/venv/lib/python3.8/site-packages/discord/http.py", line 2109, in get_gateway
    raise GatewayNotFound() from exc
discord.errors.GatewayNotFound: The gateway to connect to discord was not found.
[2022-07-20 12:58:41] [ERROR   ] discord.client: Attempting a reconnect in 32.81s
Traceback (most recent call last):
  File "/home/runner/testing/venv/lib/python3.8/site-packages/discord/http.py", line 2107, in get_gateway
    data = await self.request(Route('GET', '/gateway'))
  File "/home/runner/testing/venv/lib/python3.8/site-packages/discord/http.py", line 469, in request
    raise HTTPException(response, data)
discord.errors.HTTPException: 429 Too Many Requests (error code: 0): <!DOCTYPE html>
<!--[if lt IE 7]> <html class="no-js ie6 oldie" lang="en-US"> <![endif]-->
<!--[if IE 7]>    <html class="no-js ie7 oldie" lang="en-US"> <![endif]-->
<!--[if IE 8]>    <html class="no-js ie8 oldie" lang="en-US"> <![endif]-->
<!--[if gt IE 8]><!--> <html class="no-js" lang="en-US"> <!--<![endif]-->
<head>
<title>Access denied | discord.com used Cloudflare to restrict access</title>
<meta charset="UTF-8" />
<meta http-equiv="Content-Type" content="text/html; charset=UTF-8" />
<meta http-equiv="X-UA-Compatible" content="IE=Edge" />
<meta name="robots" content="noindex, nofollow" />
<meta name="viewport" content="width=device-width,initial-scale=1" />
<link rel="stylesheet" id="cf_styles-css" href="/cdn-cgi/styles/main.css" />


<script>
(function(){if(document.addEventListener&&window.XMLHttpRequest&&JSON&&JSON.stringify){var e=function(a){var c=document.getElementById("error-feedback-survey"),d=document.getElementById("error-feedback-success"),b=new XMLHttpRequest;a={event:"feedback clicked",properties:{errorCode:1015,helpful:a,version:1}};b.open("POST","https://sparrow.cloudflare.com/api/v1/event");b.setRequestHeader("Content-Type","application/json");b.setRequestHeader("Sparrow-Source-Key","c771f0e4b54944bebf4261d44bd79a1e");
b.send(JSON.stringify(a));c.classList.add("feedback-hidden");d.classList.remove("feedback-hidden")};document.addEventListener("DOMContentLoaded",function(){var a=document.getElementById("error-feedback"),c=document.getElementById("feedback-button-yes"),d=document.getElementById("feedback-button-no");"classList"in a&&(a.classList.remove("feedback-hidden"),c.addEventListener("click",function(){e(!0)}),d.addEventListener("click",function(){e(!1)}))})}})();
</script>

<script defer src="https://performance.radar.cloudflare.com/beacon.js"></script>
<script async src='/cdn-cgi/bm/cv/669835187/api.js'></script></head>
<body>
  <div id="cf-wrapper">
    <div class="cf-alert cf-alert-error cf-cookie-error hidden" id="cookie-alert" data-translate="enable_cookies">Please enable cookies.</div>
    <div id="cf-error-details" class="p-0">
      <header class="mx-auto pt-10 lg:pt-6 lg:px-8 w-240 lg:w-full mb-15 antialiased">
         <h1 class="inline-block md:block mr-2 md:mb-2 font-light text-60 md:text-3xl text-black-dark leading-tight">
           <span data-translate="error">Error</span>
           <span>1015</span>
         </h1>
         <span class="inline-block md:block heading-ray-id font-mono text-15 lg:text-sm lg:leading-relaxed">Ray ID: 72dbdea7694cec0d &bull;</span>
         <span class="inline-block md:block heading-ray-id font-mono text-15 lg:text-sm lg:leading-relaxed">2022-07-20 12:58:41 UTC</span>
        <h2 class="text-gray-600 leading-1.3 text-3xl lg:text-2xl font-light">You are being rate limited</h2>
      </header>

      <section class="w-240 lg:w-full mx-auto mb-8 lg:px-8">
          <div id="what-happened-section" class="w-1/2 md:w-full">
            <h2 class="text-3xl leading-tight font-normal mb-4 text-black-dark antialiased" data-translate="what_happened">What happened?</h2>
            <p>The owner of this website (discord.com) has banned you temporarily from accessing this website.</p>
            
          </div>

          
      </section>

      <div class="feedback-hidden py-8 text-center" id="error-feedback">
    <div id="error-feedback-survey" class="footer-line-wrapper">
        Was this page helpful?
        <button class="border border-solid bg-white cf-button cursor-pointer ml-4 px-4 py-2 rounded" id="feedback-button-yes" type="button">Yes</button>
        <button class="border border-solid bg-white cf-button cursor-pointer ml-4 px-4 py-2 rounded" id="feedback-button-no" type="button">No</button>
    </div>
    <div class="feedback-success feedback-hidden" id="error-feedback-success">
        Thank you for your feedback!
    </div>
</div>


      <div class="cf-error-footer cf-wrapper w-240 lg:w-full py-10 sm:py-4 sm:px-8 mx-auto text-center sm:text-left border-solid border-0 border-t border-gray-300">
  <p class="text-13">
    <span class="cf-footer-item sm:block sm:mb-1">Cloudflare Ray ID: <strong class="font-semibold">72dbdea7694cec0d</strong></span>
    <span class="cf-footer-separator sm:hidden">&bull;</span>
    <span id="cf-footer-item-ip" class="cf-footer-item hidden sm:block sm:mb-1">
      Your IP:
      <button type="button" id="cf-footer-ip-reveal" class="cf-footer-ip-reveal-btn">Click to reveal</button>
      <span class="hidden" id="cf-footer-ip">34.138.191.159</span>
      <span class="cf-footer-separator sm:hidden">&bull;</span>
    </span>
    <span class="cf-footer-item sm:block sm:mb-1"><span>Performance &amp; security by</span> <a rel="noopener noreferrer" href="https://www.cloudflare.com/5xx-error-landing" id="brand_link" target="_blank">Cloudflare</a></span>
    
  </p>
  <script>(function(){function d(){var b=a.getElementById("cf-footer-item-ip"),c=a.getElementById("cf-footer-ip-reveal");b&&"classList"in b&&(b.classList.remove("hidden"),c.addEventListener("click",function(){c.classList.add("hidden");a.getElementById("cf-footer-ip").classList.remove("hidden")}))}var a=document;document.addEventListener&&a.addEventListener("DOMContentLoaded",d)})();</script>
</div><!-- /.error-footer -->


    </div><!-- /#cf-error-details -->
  </div><!-- /#cf-wrapper -->

  <script>
  window._cf_translation = {};
  
  
</script>

<script>(function(){window['__CF$cv$params']={r:'72dbdea7694cec0d',m:'orXbhFzic9vITD8jDjlxp8J9L7qzuFgceoQYtiiuWOg-1658321921-0-AXJIMbwifAXTxjVYPqPP6mAjcJp5VkOstJyO3974+pgLhwBoeYBMnDnFX4aM8TlOLqIpZQiTGgjVIB4U+9eALGoMsoaUCX3f9NaxrAIvA0Q2tqlk9NETKJ/B9HGL18IdkA==',s:[0xa7210e78da,0xa63d86a2ca],}})();</script></body>
</html>


The above exception was the direct cause of the following exception:

Traceback (most recent call last):
  File "/home/runner/testing/venv/lib/python3.8/site-packages/discord/client.py", line 667, in connect
    self.ws = await asyncio.wait_for(coro, timeout=60.0)
  File "/nix/store/p21fdyxqb3yqflpim7g8s1mymgpnqiv7-python3-3.8.12/lib/python3.8/asyncio/tasks.py", line 494, in wait_for
    return fut.result()
  File "/home/runner/testing/venv/lib/python3.8/site-packages/discord/gateway.py", line 358, in from_client
    gateway = gateway or await client.http.get_gateway()
  File "/home/runner/testing/venv/lib/python3.8/site-packages/discord/http.py", line 2109, in get_gateway
    raise GatewayNotFound() from exc
discord.errors.GatewayNotFound: The gateway to connect to discord was not found.
[2022-07-20 12:59:14] [ERROR   ] discord.client: Attempting a reconnect in 83.73s
Traceback (most recent call last):
  File "/home/runner/testing/venv/lib/python3.8/site-packages/discord/http.py", line 2107, in get_gateway
    data = await self.request(Route('GET', '/gateway'))
  File "/home/runner/testing/venv/lib/python3.8/site-packages/discord/http.py", line 469, in request
    raise HTTPException(response, data)
discord.errors.HTTPException: 429 Too Many Requests (error code: 0): <!DOCTYPE html>
<!--[if lt IE 7]> <html class="no-js ie6 oldie" lang="en-US"> <![endif]-->
<!--[if IE 7]>    <html class="no-js ie7 oldie" lang="en-US"> <![endif]-->
<!--[if IE 8]>    <html class="no-js ie8 oldie" lang="en-US"> <![endif]-->
<!--[if gt IE 8]><!--> <html class="no-js" lang="en-US"> <!--<![endif]-->
<head>
<title>Access denied | discord.com used Cloudflare to restrict access</title>
<meta charset="UTF-8" />
<meta http-equiv="Content-Type" content="text/html; charset=UTF-8" />
<meta http-equiv="X-UA-Compatible" content="IE=Edge" />
<meta name="robots" content="noindex, nofollow" />
<meta name="viewport" content="width=device-width,initial-scale=1" />
<link rel="stylesheet" id="cf_styles-css" href="/cdn-cgi/styles/main.css" />


<script>
(function(){if(document.addEventListener&&window.XMLHttpRequest&&JSON&&JSON.stringify){var e=function(a){var c=document.getElementById("error-feedback-survey"),d=document.getElementById("error-feedback-success"),b=new XMLHttpRequest;a={event:"feedback clicked",properties:{errorCode:1015,helpful:a,version:1}};b.open("POST","https://sparrow.cloudflare.com/api/v1/event");b.setRequestHeader("Content-Type","application/json");b.setRequestHeader("Sparrow-Source-Key","c771f0e4b54944bebf4261d44bd79a1e");
b.send(JSON.stringify(a));c.classList.add("feedback-hidden");d.classList.remove("feedback-hidden")};document.addEventListener("DOMContentLoaded",function(){var a=document.getElementById("error-feedback"),c=document.getElementById("feedback-button-yes"),d=document.getElementById("feedback-button-no");"classList"in a&&(a.classList.remove("feedback-hidden"),c.addEventListener("click",function(){e(!0)}),d.addEventListener("click",function(){e(!1)}))})}})();
</script>

<script defer src="https://performance.radar.cloudflare.com/beacon.js"></script>
<script async src='/cdn-cgi/bm/cv/669835187/api.js'></script></head>
<body>
  <div id="cf-wrapper">
    <div class="cf-alert cf-alert-error cf-cookie-error hidden" id="cookie-alert" data-translate="enable_cookies">Please enable cookies.</div>
    <div id="cf-error-details" class="p-0">
      <header class="mx-auto pt-10 lg:pt-6 lg:px-8 w-240 lg:w-full mb-15 antialiased">
         <h1 class="inline-block md:block mr-2 md:mb-2 font-light text-60 md:text-3xl text-black-dark leading-tight">
           <span data-translate="error">Error</span>
           <span>1015</span>
         </h1>
         <span class="inline-block md:block heading-ray-id font-mono text-15 lg:text-sm lg:leading-relaxed">Ray ID: 72dbdf750e10b157 &bull;</span>
         <span class="inline-block md:block heading-ray-id font-mono text-15 lg:text-sm lg:leading-relaxed">2022-07-20 12:59:14 UTC</span>
        <h2 class="text-gray-600 leading-1.3 text-3xl lg:text-2xl font-light">You are being rate limited</h2>
      </header>

      <section class="w-240 lg:w-full mx-auto mb-8 lg:px-8">
          <div id="what-happened-section" class="w-1/2 md:w-full">
            <h2 class="text-3xl leading-tight font-normal mb-4 text-black-dark antialiased" data-translate="what_happened">What happened?</h2>
            <p>The owner of this website (discord.com) has banned you temporarily from accessing this website.</p>
            
          </div>

          
      </section>

      <div class="feedback-hidden py-8 text-center" id="error-feedback">
    <div id="error-feedback-survey" class="footer-line-wrapper">
        Was this page helpful?
        <button class="border border-solid bg-white cf-button cursor-pointer ml-4 px-4 py-2 rounded" id="feedback-button-yes" type="button">Yes</button>
        <button class="border border-solid bg-white cf-button cursor-pointer ml-4 px-4 py-2 rounded" id="feedback-button-no" type="button">No</button>
    </div>
    <div class="feedback-success feedback-hidden" id="error-feedback-success">
        Thank you for your feedback!
    </div>
</div>


      <div class="cf-error-footer cf-wrapper w-240 lg:w-full py-10 sm:py-4 sm:px-8 mx-auto text-center sm:text-left border-solid border-0 border-t border-gray-300">
  <p class="text-13">
    <span class="cf-footer-item sm:block sm:mb-1">Cloudflare Ray ID: <strong class="font-semibold">72dbdf750e10b157</strong></span>
    <span class="cf-footer-separator sm:hidden">&bull;</span>
    <span id="cf-footer-item-ip" class="cf-footer-item hidden sm:block sm:mb-1">
      Your IP:
      <button type="button" id="cf-footer-ip-reveal" class="cf-footer-ip-reveal-btn">Click to reveal</button>
      <span class="hidden" id="cf-footer-ip">34.138.191.159</span>
      <span class="cf-footer-separator sm:hidden">&bull;</span>
    </span>
    <span class="cf-footer-item sm:block sm:mb-1"><span>Performance &amp; security by</span> <a rel="noopener noreferrer" href="https://www.cloudflare.com/5xx-error-landing" id="brand_link" target="_blank">Cloudflare</a></span>
    
  </p>
  <script>(function(){function d(){var b=a.getElementById("cf-footer-item-ip"),c=a.getElementById("cf-footer-ip-reveal");b&&"classList"in b&&(b.classList.remove("hidden"),c.addEventListener("click",function(){c.classList.add("hidden");a.getElementById("cf-footer-ip").classList.remove("hidden")}))}var a=document;document.addEventListener&&a.addEventListener("DOMContentLoaded",d)})();</script>
</div><!-- /.error-footer -->


    </div><!-- /#cf-error-details -->
  </div><!-- /#cf-wrapper -->

  <script>
  window._cf_translation = {};
  
  
</script>

<script>(function(){window['__CF$cv$params']={r:'72dbdf750e10b157',m:'mhB0VfPAs4.nPAOeB7uhWCyN4O3SESyVXFD4nDamjbs-1658321954-0-AXcRg8/cI9NNNqpAONTOGNg5AvlFx72K/H9zNza2PFSwaqmaC946EtmwgKO73yEUIzgavV2qO+m68sFYTxvnxPadaE3CAd/tt0zs0SgbpomVTZwV08mGXbPOpAG5XPdIxg==',s:[0x01e6427978,0x1985831742],}})();</script></body>
</html>


The above exception was the direct cause of the following exception:

Traceback (most recent call last):
  File "/home/runner/testing/venv/lib/python3.8/site-packages/discord/client.py", line 667, in connect
    self.ws = await asyncio.wait_for(coro, timeout=60.0)
  File "/nix/store/p21fdyxqb3yqflpim7g8s1mymgpnqiv7-python3-3.8.12/lib/python3.8/asyncio/tasks.py", line 494, in wait_for
    return fut.result()
  File "/home/runner/testing/venv/lib/python3.8/site-packages/discord/gateway.py", line 358, in from_client
    gateway = gateway or await client.http.get_gateway()
  File "/home/runner/testing/venv/lib/python3.8/site-packages/discord/http.py", line 2109, in get_gateway
    raise GatewayNotFound() from exc
discord.errors.GatewayNotFound: The gateway to connect to discord was not found.
[2022-07-20 13:00:38] [ERROR   ] discord.client: Attempting a reconnect in 335.44s
Traceback (most recent call last):
  File "/home/runner/testing/venv/lib/python3.8/site-packages/discord/http.py", line 2107, in get_gateway
    data = await self.request(Route('GET', '/gateway'))
  File "/home/runner/testing/venv/lib/python3.8/site-packages/discord/http.py", line 469, in request
    raise HTTPException(response, data)
discord.errors.HTTPException: 429 Too Many Requests (error code: 0): <!DOCTYPE html>
<!--[if lt IE 7]> <html class="no-js ie6 oldie" lang="en-US"> <![endif]-->
<!--[if IE 7]>    <html class="no-js ie7 oldie" lang="en-US"> <![endif]-->
<!--[if IE 8]>    <html class="no-js ie8 oldie" lang="en-US"> <![endif]-->
<!--[if gt IE 8]><!--> <html class="no-js" lang="en-US"> <!--<![endif]-->
<head>
<title>Access denied | discord.com used Cloudflare to restrict access</title>
<meta charset="UTF-8" />
<meta http-equiv="Content-Type" content="text/html; charset=UTF-8" />
<meta http-equiv="X-UA-Compatible" content="IE=Edge" />
<meta name="robots" content="noindex, nofollow" />
<meta name="viewport" content="width=device-width,initial-scale=1" />
<link rel="stylesheet" id="cf_styles-css" href="/cdn-cgi/styles/main.css" />


<script>
(function(){if(document.addEventListener&&window.XMLHttpRequest&&JSON&&JSON.stringify){var e=function(a){var c=document.getElementById("error-feedback-survey"),d=document.getElementById("error-feedback-success"),b=new XMLHttpRequest;a={event:"feedback clicked",properties:{errorCode:1015,helpful:a,version:1}};b.open("POST","https://sparrow.cloudflare.com/api/v1/event");b.setRequestHeader("Content-Type","application/json");b.setRequestHeader("Sparrow-Source-Key","c771f0e4b54944bebf4261d44bd79a1e");
b.send(JSON.stringify(a));c.classList.add("feedback-hidden");d.classList.remove("feedback-hidden")};document.addEventListener("DOMContentLoaded",function(){var a=document.getElementById("error-feedback"),c=document.getElementById("feedback-button-yes"),d=document.getElementById("feedback-button-no");"classList"in a&&(a.classList.remove("feedback-hidden"),c.addEventListener("click",function(){e(!0)}),d.addEventListener("click",function(){e(!1)}))})}})();
</script>

<script defer src="https://performance.radar.cloudflare.com/beacon.js"></script>
</head>
<body>
  <div id="cf-wrapper">
    <div class="cf-alert cf-alert-error cf-cookie-error hidden" id="cookie-alert" data-translate="enable_cookies">Please enable cookies.</div>
    <div id="cf-error-details" class="p-0">
      <header class="mx-auto pt-10 lg:pt-6 lg:px-8 w-240 lg:w-full mb-15 antialiased">
         <h1 class="inline-block md:block mr-2 md:mb-2 font-light text-60 md:text-3xl text-black-dark leading-tight">
           <span data-translate="error">Error</span>
           <span>1015</span>
         </h1>
         <span class="inline-block md:block heading-ray-id font-mono text-15 lg:text-sm lg:leading-relaxed">Ray ID: 72dbe1816a200d0a &bull;</span>
         <span class="inline-block md:block heading-ray-id font-mono text-15 lg:text-sm lg:leading-relaxed">2022-07-20 13:00:38 UTC</span>
        <h2 class="text-gray-600 leading-1.3 text-3xl lg:text-2xl font-light">You are being rate limited</h2>
      </header>

      <section class="w-240 lg:w-full mx-auto mb-8 lg:px-8">
          <div id="what-happened-section" class="w-1/2 md:w-full">
            <h2 class="text-3xl leading-tight font-normal mb-4 text-black-dark antialiased" data-translate="what_happened">What happened?</h2>
            <p>The owner of this website (discord.com) has banned you temporarily from accessing this website.</p>
            
          </div>

          
      </section>

      <div class="feedback-hidden py-8 text-center" id="error-feedback">
    <div id="error-feedback-survey" class="footer-line-wrapper">
        Was this page helpful?
        <button class="border border-solid bg-white cf-button cursor-pointer ml-4 px-4 py-2 rounded" id="feedback-button-yes" type="button">Yes</button>
        <button class="border border-solid bg-white cf-button cursor-pointer ml-4 px-4 py-2 rounded" id="feedback-button-no" type="button">No</button>
    </div>
    <div class="feedback-success feedback-hidden" id="error-feedback-success">
        Thank you for your feedback!
    </div>
</div>


      <div class="cf-error-footer cf-wrapper w-240 lg:w-full py-10 sm:py-4 sm:px-8 mx-auto text-center sm:text-left border-solid border-0 border-t border-gray-300">
  <p class="text-13">
    <span class="cf-footer-item sm:block sm:mb-1">Cloudflare Ray ID: <strong class="font-semibold">72dbe1816a200d0a</strong></span>
    <span class="cf-footer-separator sm:hidden">&bull;</span>
    <span id="cf-footer-item-ip" class="cf-footer-item hidden sm:block sm:mb-1">
      Your IP:
      <button type="button" id="cf-footer-ip-reveal" class="cf-footer-ip-reveal-btn">Click to reveal</button>
      <span class="hidden" id="cf-footer-ip">34.138.191.159</span>
      <span class="cf-footer-separator sm:hidden">&bull;</span>
    </span>
    <span class="cf-footer-item sm:block sm:mb-1"><span>Performance &amp; security by</span> <a rel="noopener noreferrer" href="https://www.cloudflare.com/5xx-error-landing" id="brand_link" target="_blank">Cloudflare</a></span>
    
  </p>
  <script>(function(){function d(){var b=a.getElementById("cf-footer-item-ip"),c=a.getElementById("cf-footer-ip-reveal");b&&"classList"in b&&(b.classList.remove("hidden"),c.addEventListener("click",function(){c.classList.add("hidden");a.getElementById("cf-footer-ip").classList.remove("hidden")}))}var a=document;document.addEventListener&&a.addEventListener("DOMContentLoaded",d)})();</script>
</div><!-- /.error-footer -->


    </div><!-- /#cf-error-details -->
  </div><!-- /#cf-wrapper -->

  <script>
  window._cf_translation = {};
  
  
</script>

<script>(function(){var js = "window['__CF$cv$params']={r:'72dbe1816a200d0a',m:'dqcSsutfXpRs8UUGIY3nT7orT2yEnvgTrcNdpG.dn7Y-1658322038-0-AascW/m9O2jMze9dBxKJc08G71/CTnrjTGqlECJj1OXdxQi6sLT4XhUMHHOG8RL3QUYPQjjYL2TJl11D9uC+HKMEiODXsgGB3m/W93IpBcdh1ChUPb2f6P//mIVJoSY+kw==',s:[0xd315d581a0,0xf5118ce2eb],u:'/cdn-cgi/challenge-platform/h/g'};var now=Date.now()/1000,offset=14400,ts=''+(Math.floor(now)-Math.floor(now%offset)),_cpo=document.createElement('script');_cpo.nonce='',_cpo.src='/cdn-cgi/challenge-platform/h/g/scripts/alpha/invisible.js?ts='+ts,document.getElementsByTagName('head')[0].appendChild(_cpo);";var _0xh = document.createElement('iframe');_0xh.height = 1;_0xh.width = 1;_0xh.style.border = 'none';_0xh.style.visibility = 'hidden';document.body.appendChild(_0xh);function handler() {var _0xi = _0xh.contentDocument || _0xh.contentWindow.document;if (_0xi) {var _0xj = _0xi.createElement('script');_0xj.innerHTML = js;_0xi.getElementsByTagName('head')[0].appendChild(_0xj);}}if (document.readyState !== 'loading') {handler();} else if (window.addEventListener) {document.addEventListener('DOMContentLoaded', handler);} else {var prev = document.onreadystatechange || function () {};document.onreadystatechange = function (e) {prev(e);if (document.readyState !== 'loading') {document.onreadystatechange = prev;handler();}};}})();</script></body>
</html>


The above exception was the direct cause of the following exception:

Traceback (most recent call last):
  File "/home/runner/testing/venv/lib/python3.8/site-packages/discord/client.py", line 667, in connect
    self.ws = await asyncio.wait_for(coro, timeout=60.0)
  File "/nix/store/p21fdyxqb3yqflpim7g8s1mymgpnqiv7-python3-3.8.12/lib/python3.8/asyncio/tasks.py", line 494, in wait_for
    return fut.result()
  File "/home/runner/testing/venv/lib/python3.8/site-packages/discord/gateway.py", line 358, in from_client
    gateway = gateway or await client.http.get_gateway()
  File "/home/runner/testing/venv/lib/python3.8/site-packages/discord/http.py", line 2109, in get_gateway
    raise GatewayNotFound() from exc
discord.errors.GatewayNotFound: The gateway to connect to discord was not found.
[2022-07-20 13:06:13] [ERROR   ] discord.client: Attempting a reconnect in 391.32s
Traceback (most recent call last):
  File "/home/runner/testing/venv/lib/python3.8/site-packages/discord/http.py", line 2107, in get_gateway
    data = await self.request(Route('GET', '/gateway'))
  File "/home/runner/testing/venv/lib/python3.8/site-packages/discord/http.py", line 469, in request
    raise HTTPException(response, data)
discord.errors.HTTPException: 429 Too Many Requests (error code: 0): <!DOCTYPE html>
<!--[if lt IE 7]> <html class="no-js ie6 oldie" lang="en-US"> <![endif]-->
<!--[if IE 7]>    <html class="no-js ie7 oldie" lang="en-US"> <![endif]-->
<!--[if IE 8]>    <html class="no-js ie8 oldie" lang="en-US"> <![endif]-->
<!--[if gt IE 8]><!--> <html class="no-js" lang="en-US"> <!--<![endif]-->
<head>
<title>Access denied | discord.com used Cloudflare to restrict access</title>
<meta charset="UTF-8" />
<meta http-equiv="Content-Type" content="text/html; charset=UTF-8" />
<meta http-equiv="X-UA-Compatible" content="IE=Edge" />
<meta name="robots" content="noindex, nofollow" />
<meta name="viewport" content="width=device-width,initial-scale=1" />
<link rel="stylesheet" id="cf_styles-css" href="/cdn-cgi/styles/main.css" />


<script>
(function(){if(document.addEventListener&&window.XMLHttpRequest&&JSON&&JSON.stringify){var e=function(a){var c=document.getElementById("error-feedback-survey"),d=document.getElementById("error-feedback-success"),b=new XMLHttpRequest;a={event:"feedback clicked",properties:{errorCode:1015,helpful:a,version:1}};b.open("POST","https://sparrow.cloudflare.com/api/v1/event");b.setRequestHeader("Content-Type","application/json");b.setRequestHeader("Sparrow-Source-Key","c771f0e4b54944bebf4261d44bd79a1e");
b.send(JSON.stringify(a));c.classList.add("feedback-hidden");d.classList.remove("feedback-hidden")};document.addEventListener("DOMContentLoaded",function(){var a=document.getElementById("error-feedback"),c=document.getElementById("feedback-button-yes"),d=document.getElementById("feedback-button-no");"classList"in a&&(a.classList.remove("feedback-hidden"),c.addEventListener("click",function(){e(!0)}),d.addEventListener("click",function(){e(!1)}))})}})();
</script>

<script defer src="https://performance.radar.cloudflare.com/beacon.js"></script>
<script async src='/cdn-cgi/bm/cv/669835187/api.js'></script></head>
<body>
  <div id="cf-wrapper">
    <div class="cf-alert cf-alert-error cf-cookie-error hidden" id="cookie-alert" data-translate="enable_cookies">Please enable cookies.</div>
    <div id="cf-error-details" class="p-0">
      <header class="mx-auto pt-10 lg:pt-6 lg:px-8 w-240 lg:w-full mb-15 antialiased">
         <h1 class="inline-block md:block mr-2 md:mb-2 font-light text-60 md:text-3xl text-black-dark leading-tight">
           <span data-translate="error">Error</span>
           <span>1015</span>
         </h1>
         <span class="inline-block md:block heading-ray-id font-mono text-15 lg:text-sm lg:leading-relaxed">Ray ID: 72dbe9b30dfbb0bd &bull;</span>
         <span class="inline-block md:block heading-ray-id font-mono text-15 lg:text-sm lg:leading-relaxed">2022-07-20 13:06:13 UTC</span>
        <h2 class="text-gray-600 leading-1.3 text-3xl lg:text-2xl font-light">You are being rate limited</h2>
      </header>

      <section class="w-240 lg:w-full mx-auto mb-8 lg:px-8">
          <div id="what-happened-section" class="w-1/2 md:w-full">
            <h2 class="text-3xl leading-tight font-normal mb-4 text-black-dark antialiased" data-translate="what_happened">What happened?</h2>
            <p>The owner of this website (discord.com) has banned you temporarily from accessing this website.</p>
            
          </div>

          
      </section>

      <div class="feedback-hidden py-8 text-center" id="error-feedback">
    <div id="error-feedback-survey" class="footer-line-wrapper">
        Was this page helpful?
        <button class="border border-solid bg-white cf-button cursor-pointer ml-4 px-4 py-2 rounded" id="feedback-button-yes" type="button">Yes</button>
        <button class="border border-solid bg-white cf-button cursor-pointer ml-4 px-4 py-2 rounded" id="feedback-button-no" type="button">No</button>
    </div>
    <div class="feedback-success feedback-hidden" id="error-feedback-success">
        Thank you for your feedback!
    </div>
</div>


      <div class="cf-error-footer cf-wrapper w-240 lg:w-full py-10 sm:py-4 sm:px-8 mx-auto text-center sm:text-left border-solid border-0 border-t border-gray-300">
  <p class="text-13">
    <span class="cf-footer-item sm:block sm:mb-1">Cloudflare Ray ID: <strong class="font-semibold">72dbe9b30dfbb0bd</strong></span>
    <span class="cf-footer-separator sm:hidden">&bull;</span>
    <span id="cf-footer-item-ip" class="cf-footer-item hidden sm:block sm:mb-1">
      Your IP:
      <button type="button" id="cf-footer-ip-reveal" class="cf-footer-ip-reveal-btn">Click to reveal</button>
      <span class="hidden" id="cf-footer-ip">34.138.191.159</span>
      <span class="cf-footer-separator sm:hidden">&bull;</span>
    </span>
    <span class="cf-footer-item sm:block sm:mb-1"><span>Performance &amp; security by</span> <a rel="noopener noreferrer" href="https://www.cloudflare.com/5xx-error-landing" id="brand_link" target="_blank">Cloudflare</a></span>
    
  </p>
  <script>(function(){function d(){var b=a.getElementById("cf-footer-item-ip"),c=a.getElementById("cf-footer-ip-reveal");b&&"classList"in b&&(b.classList.remove("hidden"),c.addEventListener("click",function(){c.classList.add("hidden");a.getElementById("cf-footer-ip").classList.remove("hidden")}))}var a=document;document.addEventListener&&a.addEventListener("DOMContentLoaded",d)})();</script>
</div><!-- /.error-footer -->


    </div><!-- /#cf-error-details -->
  </div><!-- /#cf-wrapper -->

  <script>
  window._cf_translation = {};
  
  
</script>

<script>(function(){window['__CF$cv$params']={r:'72dbe9b30dfbb0bd',m:'du72CG8zUbhOAsqr.kjdHoVK3cGBGQLJ6mxi358v67g-1658322373-0-AZlWXo7Sy8ldPonuIma4ti272ycfkoo2KLtQ1N9Ba6knOll7GlcP3nIT8bt51kwZW+Z4uJgTIqggpTQlVrAJzbg3fNUFNg1tIKTtOuGNXy0sa5Urg4qlxQcc36k2CmbS4g==',s:[0x5a41316e90,0x6bc213f613],}})();</script></body>
</html>


The above exception was the direct cause of the following exception:

Traceback (most recent call last):
  File "/home/runner/testing/venv/lib/python3.8/site-packages/discord/client.py", line 667, in connect
    self.ws = await asyncio.wait_for(coro, timeout=60.0)
  File "/nix/store/p21fdyxqb3yqflpim7g8s1mymgpnqiv7-python3-3.8.12/lib/python3.8/asyncio/tasks.py", line 494, in wait_for
    return fut.result()
  File "/home/runner/testing/venv/lib/python3.8/site-packages/discord/gateway.py", line 358, in from_client
    gateway = gateway or await client.http.get_gateway()
  File "/home/runner/testing/venv/lib/python3.8/site-packages/discord/http.py", line 2109, in get_gateway
    raise GatewayNotFound() from exc
discord.errors.GatewayNotFound: The gateway to connect to discord was not found.
[2022-07-20 13:12:45] [ERROR   ] discord.client: Attempting a reconnect in 448.54s
Traceback (most recent call last):
  File "/home/runner/testing/venv/lib/python3.8/site-packages/discord/http.py", line 2107, in get_gateway
    data = await self.request(Route('GET', '/gateway'))
  File "/home/runner/testing/venv/lib/python3.8/site-packages/discord/http.py", line 469, in request
    raise HTTPException(response, data)
discord.errors.HTTPException: 429 Too Many Requests (error code: 0): <!DOCTYPE html>
<!--[if lt IE 7]> <html class="no-js ie6 oldie" lang="en-US"> <![endif]-->
<!--[if IE 7]>    <html class="no-js ie7 oldie" lang="en-US"> <![endif]-->
<!--[if IE 8]>    <html class="no-js ie8 oldie" lang="en-US"> <![endif]-->
<!--[if gt IE 8]><!--> <html class="no-js" lang="en-US"> <!--<![endif]-->
<head>
<title>Access denied | discord.com used Cloudflare to restrict access</title>
<meta charset="UTF-8" />
<meta http-equiv="Content-Type" content="text/html; charset=UTF-8" />
<meta http-equiv="X-UA-Compatible" content="IE=Edge" />
<meta name="robots" content="noindex, nofollow" />
<meta name="viewport" content="width=device-width,initial-scale=1" />
<link rel="stylesheet" id="cf_styles-css" href="/cdn-cgi/styles/main.css" />


<script>
(function(){if(document.addEventListener&&window.XMLHttpRequest&&JSON&&JSON.stringify){var e=function(a){var c=document.getElementById("error-feedback-survey"),d=document.getElementById("error-feedback-success"),b=new XMLHttpRequest;a={event:"feedback clicked",properties:{errorCode:1015,helpful:a,version:1}};b.open("POST","https://sparrow.cloudflare.com/api/v1/event");b.setRequestHeader("Content-Type","application/json");b.setRequestHeader("Sparrow-Source-Key","c771f0e4b54944bebf4261d44bd79a1e");
b.send(JSON.stringify(a));c.classList.add("feedback-hidden");d.classList.remove("feedback-hidden")};document.addEventListener("DOMContentLoaded",function(){var a=document.getElementById("error-feedback"),c=document.getElementById("feedback-button-yes"),d=document.getElementById("feedback-button-no");"classList"in a&&(a.classList.remove("feedback-hidden"),c.addEventListener("click",function(){e(!0)}),d.addEventListener("click",function(){e(!1)}))})}})();
</script>

<script defer src="https://performance.radar.cloudflare.com/beacon.js"></script>
<script async src='/cdn-cgi/bm/cv/669835187/api.js'></script></head>
<body>
  <div id="cf-wrapper">
    <div class="cf-alert cf-alert-error cf-cookie-error hidden" id="cookie-alert" data-translate="enable_cookies">Please enable cookies.</div>
    <div id="cf-error-details" class="p-0">
      <header class="mx-auto pt-10 lg:pt-6 lg:px-8 w-240 lg:w-full mb-15 antialiased">
         <h1 class="inline-block md:block mr-2 md:mb-2 font-light text-60 md:text-3xl text-black-dark leading-tight">
           <span data-translate="error">Error</span>
           <span>1015</span>
         </h1>
         <span class="inline-block md:block heading-ray-id font-mono text-15 lg:text-sm lg:leading-relaxed">Ray ID: 72dbf341ca10b175 &bull;</span>
         <span class="inline-block md:block heading-ray-id font-mono text-15 lg:text-sm lg:leading-relaxed">2022-07-20 13:12:45 UTC</span>
        <h2 class="text-gray-600 leading-1.3 text-3xl lg:text-2xl font-light">You are being rate limited</h2>
      </header>

      <section class="w-240 lg:w-full mx-auto mb-8 lg:px-8">
          <div id="what-happened-section" class="w-1/2 md:w-full">
            <h2 class="text-3xl leading-tight font-normal mb-4 text-black-dark antialiased" data-translate="what_happened">What happened?</h2>
            <p>The owner of this website (discord.com) has banned you temporarily from accessing this website.</p>
            
          </div>

          
      </section>

      <div class="feedback-hidden py-8 text-center" id="error-feedback">
    <div id="error-feedback-survey" class="footer-line-wrapper">
        Was this page helpful?
        <button class="border border-solid bg-white cf-button cursor-pointer ml-4 px-4 py-2 rounded" id="feedback-button-yes" type="button">Yes</button>
        <button class="border border-solid bg-white cf-button cursor-pointer ml-4 px-4 py-2 rounded" id="feedback-button-no" type="button">No</button>
    </div>
    <div class="feedback-success feedback-hidden" id="error-feedback-success">
        Thank you for your feedback!
    </div>
</div>


      <div class="cf-error-footer cf-wrapper w-240 lg:w-full py-10 sm:py-4 sm:px-8 mx-auto text-center sm:text-left border-solid border-0 border-t border-gray-300">
  <p class="text-13">
    <span class="cf-footer-item sm:block sm:mb-1">Cloudflare Ray ID: <strong class="font-semibold">72dbf341ca10b175</strong></span>
    <span class="cf-footer-separator sm:hidden">&bull;</span>
    <span id="cf-footer-item-ip" class="cf-footer-item hidden sm:block sm:mb-1">
      Your IP:
      <button type="button" id="cf-footer-ip-reveal" class="cf-footer-ip-reveal-btn">Click to reveal</button>
      <span class="hidden" id="cf-footer-ip">34.138.191.159</span>
      <span class="cf-footer-separator sm:hidden">&bull;</span>
    </span>
    <span class="cf-footer-item sm:block sm:mb-1"><span>Performance &amp; security by</span> <a rel="noopener noreferrer" href="https://www.cloudflare.com/5xx-error-landing" id="brand_link" target="_blank">Cloudflare</a></span>
    
  </p>
  <script>(function(){function d(){var b=a.getElementById("cf-footer-item-ip"),c=a.getElementById("cf-footer-ip-reveal");b&&"classList"in b&&(b.classList.remove("hidden"),c.addEventListener("click",function(){c.classList.add("hidden");a.getElementById("cf-footer-ip").classList.remove("hidden")}))}var a=document;document.addEventListener&&a.addEventListener("DOMContentLoaded",d)})();</script>
</div><!-- /.error-footer -->


    </div><!-- /#cf-error-details -->
  </div><!-- /#cf-wrapper -->

  <script>
  window._cf_translation = {};
  
  
</script>

<script>(function(){window['__CF$cv$params']={r:'72dbf341ca10b175',m:'kt3EdCQOil3ximV0tbhuu4vvAX9UdKDld5vBFHeRKJM-1658322765-0-AeH4itagY631I/mu39Hb8ClC9ZEe+k7uXprd44uIJ92zVTGGEkqFDm67pti49hVRm5hcLO8I9HDoyydCmZuGDnWDhAfpmQEwnKBTJGeSkIZZJSt9aYLJEQ5rhqUysl5/Mg==',s:[0xee8713464f,0xee4568848b],}})();</script></body>
</html>


The above exception was the direct cause of the following exception:

Traceback (most recent call last):
  File "/home/runner/testing/venv/lib/python3.8/site-packages/discord/client.py", line 667, in connect
    self.ws = await asyncio.wait_for(coro, timeout=60.0)
  File "/nix/store/p21fdyxqb3yqflpim7g8s1mymgpnqiv7-python3-3.8.12/lib/python3.8/asyncio/tasks.py", line 494, in wait_for
    return fut.result()
  File "/home/runner/testing/venv/lib/python3.8/site-packages/discord/gateway.py", line 358, in from_client
    gateway = gateway or await client.http.get_gateway()
  File "/home/runner/testing/venv/lib/python3.8/site-packages/discord/http.py", line 2109, in get_gateway
    raise GatewayNotFound() from exc
discord.errors.GatewayNotFound: The gateway to connect to discord was not found.
[2022-07-20 13:20:13] [ERROR   ] discord.client: Attempting a reconnect in 452.10s
Traceback (most recent call last):
  File "/home/runner/testing/venv/lib/python3.8/site-packages/discord/http.py", line 2107, in get_gateway
    data = await self.request(Route('GET', '/gateway'))
  File "/home/runner/testing/venv/lib/python3.8/site-packages/discord/http.py", line 469, in request
    raise HTTPException(response, data)
discord.errors.HTTPException: 429 Too Many Requests (error code: 0): <!DOCTYPE html>
<!--[if lt IE 7]> <html class="no-js ie6 oldie" lang="en-US"> <![endif]-->
<!--[if IE 7]>    <html class="no-js ie7 oldie" lang="en-US"> <![endif]-->
<!--[if IE 8]>    <html class="no-js ie8 oldie" lang="en-US"> <![endif]-->
<!--[if gt IE 8]><!--> <html class="no-js" lang="en-US"> <!--<![endif]-->
<head>
<title>Access denied | discord.com used Cloudflare to restrict access</title>
<meta charset="UTF-8" />
<meta http-equiv="Content-Type" content="text/html; charset=UTF-8" />
<meta http-equiv="X-UA-Compatible" content="IE=Edge" />
<meta name="robots" content="noindex, nofollow" />
<meta name="viewport" content="width=device-width,initial-scale=1" />
<link rel="stylesheet" id="cf_styles-css" href="/cdn-cgi/styles/main.css" />


<script>
(function(){if(document.addEventListener&&window.XMLHttpRequest&&JSON&&JSON.stringify){var e=function(a){var c=document.getElementById("error-feedback-survey"),d=document.getElementById("error-feedback-success"),b=new XMLHttpRequest;a={event:"feedback clicked",properties:{errorCode:1015,helpful:a,version:1}};b.open("POST","https://sparrow.cloudflare.com/api/v1/event");b.setRequestHeader("Content-Type","application/json");b.setRequestHeader("Sparrow-Source-Key","c771f0e4b54944bebf4261d44bd79a1e");
b.send(JSON.stringify(a));c.classList.add("feedback-hidden");d.classList.remove("feedback-hidden")};document.addEventListener("DOMContentLoaded",function(){var a=document.getElementById("error-feedback"),c=document.getElementById("feedback-button-yes"),d=document.getElementById("feedback-button-no");"classList"in a&&(a.classList.remove("feedback-hidden"),c.addEventListener("click",function(){e(!0)}),d.addEventListener("click",function(){e(!1)}))})}})();
</script>

<script defer src="https://performance.radar.cloudflare.com/beacon.js"></script>
<script async src='/cdn-cgi/bm/cv/669835187/api.js'></script></head>
<body>
  <div id="cf-wrapper">
    <div class="cf-alert cf-alert-error cf-cookie-error hidden" id="cookie-alert" data-translate="enable_cookies">Please enable cookies.</div>
    <div id="cf-error-details" class="p-0">
      <header class="mx-auto pt-10 lg:pt-6 lg:px-8 w-240 lg:w-full mb-15 antialiased">
         <h1 class="inline-block md:block mr-2 md:mb-2 font-light text-60 md:text-3xl text-black-dark leading-tight">
           <span data-translate="error">Error</span>
           <span>1015</span>
         </h1>
         <span class="inline-block md:block heading-ray-id font-mono text-15 lg:text-sm lg:leading-relaxed">Ray ID: 72dbfe362b37f369 &bull;</span>
         <span class="inline-block md:block heading-ray-id font-mono text-15 lg:text-sm lg:leading-relaxed">2022-07-20 13:20:13 UTC</span>
        <h2 class="text-gray-600 leading-1.3 text-3xl lg:text-2xl font-light">You are being rate limited</h2>
      </header>

      <section class="w-240 lg:w-full mx-auto mb-8 lg:px-8">
          <div id="what-happened-section" class="w-1/2 md:w-full">
            <h2 class="text-3xl leading-tight font-normal mb-4 text-black-dark antialiased" data-translate="what_happened">What happened?</h2>
            <p>The owner of this website (discord.com) has banned you temporarily from accessing this website.</p>
            
          </div>

          
      </section>

      <div class="feedback-hidden py-8 text-center" id="error-feedback">
    <div id="error-feedback-survey" class="footer-line-wrapper">
        Was this page helpful?
        <button class="border border-solid bg-white cf-button cursor-pointer ml-4 px-4 py-2 rounded" id="feedback-button-yes" type="button">Yes</button>
        <button class="border border-solid bg-white cf-button cursor-pointer ml-4 px-4 py-2 rounded" id="feedback-button-no" type="button">No</button>
    </div>
    <div class="feedback-success feedback-hidden" id="error-feedback-success">
        Thank you for your feedback!
    </div>
</div>


      <div class="cf-error-footer cf-wrapper w-240 lg:w-full py-10 sm:py-4 sm:px-8 mx-auto text-center sm:text-left border-solid border-0 border-t border-gray-300">
  <p class="text-13">
    <span class="cf-footer-item sm:block sm:mb-1">Cloudflare Ray ID: <strong class="font-semibold">72dbfe362b37f369</strong></span>
    <span class="cf-footer-separator sm:hidden">&bull;</span>
    <span id="cf-footer-item-ip" class="cf-footer-item hidden sm:block sm:mb-1">
      Your IP:
      <button type="button" id="cf-footer-ip-reveal" class="cf-footer-ip-reveal-btn">Click to reveal</button>
      <span class="hidden" id="cf-footer-ip">34.138.191.159</span>
      <span class="cf-footer-separator sm:hidden">&bull;</span>
    </span>
    <span class="cf-footer-item sm:block sm:mb-1"><span>Performance &amp; security by</span> <a rel="noopener noreferrer" href="https://www.cloudflare.com/5xx-error-landing" id="brand_link" target="_blank">Cloudflare</a></span>
    
  </p>
  <script>(function(){function d(){var b=a.getElementById("cf-footer-item-ip"),c=a.getElementById("cf-footer-ip-reveal");b&&"classList"in b&&(b.classList.remove("hidden"),c.addEventListener("click",function(){c.classList.add("hidden");a.getElementById("cf-footer-ip").classList.remove("hidden")}))}var a=document;document.addEventListener&&a.addEventListener("DOMContentLoaded",d)})();</script>
</div><!-- /.error-footer -->


    </div><!-- /#cf-error-details -->
  </div><!-- /#cf-wrapper -->

  <script>
  window._cf_translation = {};
  
  
</script>

<script>(function(){window['__CF$cv$params']={r:'72dbfe362b37f369',m:'.VAxhKehQbRd06fqY9vzjWvZJcbECxBggfdabmc4Yqc-1658323213-0-AeVMaI7bSAU6Y+VOTqfX0SktLT7PfKnU2BnwQ42G7TOv8Vd27iqa+Z4YnYsYYdUOYdNryRS8hkzRgRNi+t7jgMoWL6WjhXhid2Vq7fGQ1R43cebR6GGjyoEFR2jaXBhmOg==',s:[0xdfaa1854a3,0xf8855ae0d7],}})();</script></body>
</html>


The above exception was the direct cause of the following exception:

Traceback (most recent call last):
  File "/home/runner/testing/venv/lib/python3.8/site-packages/discord/client.py", line 667, in connect
    self.ws = await asyncio.wait_for(coro, timeout=60.0)
  File "/nix/store/p21fdyxqb3yqflpim7g8s1mymgpnqiv7-python3-3.8.12/lib/python3.8/asyncio/tasks.py", line 494, in wait_for
    return fut.result()
  File "/home/runner/testing/venv/lib/python3.8/site-packages/discord/gateway.py", line 358, in from_client
    gateway = gateway or await client.http.get_gateway()
  File "/home/runner/testing/venv/lib/python3.8/site-packages/discord/http.py", line 2109, in get_gateway
    raise GatewayNotFound() from exc
discord.errors.GatewayNotFound: The gateway to connect to discord was not found.
[2022-07-20 13:27:46] [ERROR   ] discord.client: Attempting a reconnect in 617.55s
Traceback (most recent call last):
  File "/home/runner/testing/venv/lib/python3.8/site-packages/discord/http.py", line 2107, in get_gateway
    data = await self.request(Route('GET', '/gateway'))
  File "/home/runner/testing/venv/lib/python3.8/site-packages/discord/http.py", line 469, in request
    raise HTTPException(response, data)
discord.errors.HTTPException: 429 Too Many Requests (error code: 0): <!DOCTYPE html>
<!--[if lt IE 7]> <html class="no-js ie6 oldie" lang="en-US"> <![endif]-->
<!--[if IE 7]>    <html class="no-js ie7 oldie" lang="en-US"> <![endif]-->
<!--[if IE 8]>    <html class="no-js ie8 oldie" lang="en-US"> <![endif]-->
<!--[if gt IE 8]><!--> <html class="no-js" lang="en-US"> <!--<![endif]-->
<head>
<title>Access denied | discord.com used Cloudflare to restrict access</title>
<meta charset="UTF-8" />
<meta http-equiv="Content-Type" content="text/html; charset=UTF-8" />
<meta http-equiv="X-UA-Compatible" content="IE=Edge" />
<meta name="robots" content="noindex, nofollow" />
<meta name="viewport" content="width=device-width,initial-scale=1" />
<link rel="stylesheet" id="cf_styles-css" href="/cdn-cgi/styles/main.css" />


<script>
(function(){if(document.addEventListener&&window.XMLHttpRequest&&JSON&&JSON.stringify){var e=function(a){var c=document.getElementById("error-feedback-survey"),d=document.getElementById("error-feedback-success"),b=new XMLHttpRequest;a={event:"feedback clicked",properties:{errorCode:1015,helpful:a,version:1}};b.open("POST","https://sparrow.cloudflare.com/api/v1/event");b.setRequestHeader("Content-Type","application/json");b.setRequestHeader("Sparrow-Source-Key","c771f0e4b54944bebf4261d44bd79a1e");
b.send(JSON.stringify(a));c.classList.add("feedback-hidden");d.classList.remove("feedback-hidden")};document.addEventListener("DOMContentLoaded",function(){var a=document.getElementById("error-feedback"),c=document.getElementById("feedback-button-yes"),d=document.getElementById("feedback-button-no");"classList"in a&&(a.classList.remove("feedback-hidden"),c.addEventListener("click",function(){e(!0)}),d.addEventListener("click",function(){e(!1)}))})}})();
</script>

<script defer src="https://performance.radar.cloudflare.com/beacon.js"></script>
<script async src='/cdn-cgi/bm/cv/669835187/api.js'></script></head>
<body>
  <div id="cf-wrapper">
    <div class="cf-alert cf-alert-error cf-cookie-error hidden" id="cookie-alert" data-translate="enable_cookies">Please enable cookies.</div>
    <div id="cf-error-details" class="p-0">
      <header class="mx-auto pt-10 lg:pt-6 lg:px-8 w-240 lg:w-full mb-15 antialiased">
         <h1 class="inline-block md:block mr-2 md:mb-2 font-light text-60 md:text-3xl text-black-dark leading-tight">
           <span data-translate="error">Error</span>
           <span>1015</span>
         </h1>
         <span class="inline-block md:block heading-ray-id font-mono text-15 lg:text-sm lg:leading-relaxed">Ray ID: 72dc0940ec88186f &bull;</span>
         <span class="inline-block md:block heading-ray-id font-mono text-15 lg:text-sm lg:leading-relaxed">2022-07-20 13:27:46 UTC</span>
        <h2 class="text-gray-600 leading-1.3 text-3xl lg:text-2xl font-light">You are being rate limited</h2>
      </header>

      <section class="w-240 lg:w-full mx-auto mb-8 lg:px-8">
          <div id="what-happened-section" class="w-1/2 md:w-full">
            <h2 class="text-3xl leading-tight font-normal mb-4 text-black-dark antialiased" data-translate="what_happened">What happened?</h2>
            <p>The owner of this website (discord.com) has banned you temporarily from accessing this website.</p>
            
          </div>

          
      </section>

      <div class="feedback-hidden py-8 text-center" id="error-feedback">
    <div id="error-feedback-survey" class="footer-line-wrapper">
        Was this page helpful?
        <button class="border border-solid bg-white cf-button cursor-pointer ml-4 px-4 py-2 rounded" id="feedback-button-yes" type="button">Yes</button>
        <button class="border border-solid bg-white cf-button cursor-pointer ml-4 px-4 py-2 rounded" id="feedback-button-no" type="button">No</button>
    </div>
    <div class="feedback-success feedback-hidden" id="error-feedback-success">
        Thank you for your feedback!
    </div>
</div>


      <div class="cf-error-footer cf-wrapper w-240 lg:w-full py-10 sm:py-4 sm:px-8 mx-auto text-center sm:text-left border-solid border-0 border-t border-gray-300">
  <p class="text-13">
    <span class="cf-footer-item sm:block sm:mb-1">Cloudflare Ray ID: <strong class="font-semibold">72dc0940ec88186f</strong></span>
    <span class="cf-footer-separator sm:hidden">&bull;</span>
    <span id="cf-footer-item-ip" class="cf-footer-item hidden sm:block sm:mb-1">
      Your IP:
      <button type="button" id="cf-footer-ip-reveal" class="cf-footer-ip-reveal-btn">Click to reveal</button>
      <span class="hidden" id="cf-footer-ip">34.138.191.159</span>
      <span class="cf-footer-separator sm:hidden">&bull;</span>
    </span>
    <span class="cf-footer-item sm:block sm:mb-1"><span>Performance &amp; security by</span> <a rel="noopener noreferrer" href="https://www.cloudflare.com/5xx-error-landing" id="brand_link" target="_blank">Cloudflare</a></span>
    
  </p>
  <script>(function(){function d(){var b=a.getElementById("cf-footer-item-ip"),c=a.getElementById("cf-footer-ip-reveal");b&&"classList"in b&&(b.classList.remove("hidden"),c.addEventListener("click",function(){c.classList.add("hidden");a.getElementById("cf-footer-ip").classList.remove("hidden")}))}var a=document;document.addEventListener&&a.addEventListener("DOMContentLoaded",d)})();</script>
</div><!-- /.error-footer -->


    </div><!-- /#cf-error-details -->
  </div><!-- /#cf-wrapper -->

  <script>
  window._cf_translation = {};
  
  
</script>

<script>(function(){window['__CF$cv$params']={r:'72dc0940ec88186f',m:'Hs8MpzVahfMRZWNv5D_ZszzQ4PB0RlGHlQ6wigZMJBI-1658323666-0-Ac8OJWiDuaBhFd/8sruzOEYopy1gJbMeSp2hiON6tlAbY2TxFLkzAVN1cNdafpEp4Kx4KLNiIXRfuaZEWmUQY/xBCmwLjzGt/F5ZznH+vfTZvrjRjt4pR35YAU6uC+jNew==',s:[0x6565b3e7e1,0x43c6577a22],}})();</script></body>
</html>


The above exception was the direct cause of the following exception:

Traceback (most recent call last):
  File "/home/runner/testing/venv/lib/python3.8/site-packages/discord/client.py", line 667, in connect
    self.ws = await asyncio.wait_for(coro, timeout=60.0)
  File "/nix/store/p21fdyxqb3yqflpim7g8s1mymgpnqiv7-python3-3.8.12/lib/python3.8/asyncio/tasks.py", line 494, in wait_for
    return fut.result()
  File "/home/runner/testing/venv/lib/python3.8/site-packages/discord/gateway.py", line 358, in from_client
    gateway = gateway or await client.http.get_gateway()
  File "/home/runner/testing/venv/lib/python3.8/site-packages/discord/http.py", line 2109, in get_gateway
    raise GatewayNotFound() from exc
discord.errors.GatewayNotFound: The gateway to connect to discord was not found.
[2022-07-20 13:38:03] [ERROR   ] discord.client: Attempting a reconnect in 454.90s
Traceback (most recent call last):
  File "/home/runner/testing/venv/lib/python3.8/site-packages/discord/http.py", line 2107, in get_gateway
    data = await self.request(Route('GET', '/gateway'))
  File "/home/runner/testing/venv/lib/python3.8/site-packages/discord/http.py", line 469, in request
    raise HTTPException(response, data)
discord.errors.HTTPException: 429 Too Many Requests (error code: 0): <!DOCTYPE html>
<!--[if lt IE 7]> <html class="no-js ie6 oldie" lang="en-US"> <![endif]-->
<!--[if IE 7]>    <html class="no-js ie7 oldie" lang="en-US"> <![endif]-->
<!--[if IE 8]>    <html class="no-js ie8 oldie" lang="en-US"> <![endif]-->
<!--[if gt IE 8]><!--> <html class="no-js" lang="en-US"> <!--<![endif]-->
<head>
<title>Access denied | discord.com used Cloudflare to restrict access</title>
<meta charset="UTF-8" />
<meta http-equiv="Content-Type" content="text/html; charset=UTF-8" />
<meta http-equiv="X-UA-Compatible" content="IE=Edge" />
<meta name="robots" content="noindex, nofollow" />
<meta name="viewport" content="width=device-width,initial-scale=1" />
<link rel="stylesheet" id="cf_styles-css" href="/cdn-cgi/styles/main.css" />


<script>
(function(){if(document.addEventListener&&window.XMLHttpRequest&&JSON&&JSON.stringify){var e=function(a){var c=document.getElementById("error-feedback-survey"),d=document.getElementById("error-feedback-success"),b=new XMLHttpRequest;a={event:"feedback clicked",properties:{errorCode:1015,helpful:a,version:1}};b.open("POST","https://sparrow.cloudflare.com/api/v1/event");b.setRequestHeader("Content-Type","application/json");b.setRequestHeader("Sparrow-Source-Key","c771f0e4b54944bebf4261d44bd79a1e");
b.send(JSON.stringify(a));c.classList.add("feedback-hidden");d.classList.remove("feedback-hidden")};document.addEventListener("DOMContentLoaded",function(){var a=document.getElementById("error-feedback"),c=document.getElementById("feedback-button-yes"),d=document.getElementById("feedback-button-no");"classList"in a&&(a.classList.remove("feedback-hidden"),c.addEventListener("click",function(){e(!0)}),d.addEventListener("click",function(){e(!1)}))})}})();
</script>

<script defer src="https://performance.radar.cloudflare.com/beacon.js"></script>
<script async src='/cdn-cgi/bm/cv/669835187/api.js'></script></head>
<body>
  <div id="cf-wrapper">
    <div class="cf-alert cf-alert-error cf-cookie-error hidden" id="cookie-alert" data-translate="enable_cookies">Please enable cookies.</div>
    <div id="cf-error-details" class="p-0">
      <header class="mx-auto pt-10 lg:pt-6 lg:px-8 w-240 lg:w-full mb-15 antialiased">
         <h1 class="inline-block md:block mr-2 md:mb-2 font-light text-60 md:text-3xl text-black-dark leading-tight">
           <span data-translate="error">Error</span>
           <span>1015</span>
         </h1>
         <span class="inline-block md:block heading-ray-id font-mono text-15 lg:text-sm lg:leading-relaxed">Ray ID: 72dc18559dc7b0c7 &bull;</span>
         <span class="inline-block md:block heading-ray-id font-mono text-15 lg:text-sm lg:leading-relaxed">2022-07-20 13:38:03 UTC</span>
        <h2 class="text-gray-600 leading-1.3 text-3xl lg:text-2xl font-light">You are being rate limited</h2>
      </header>

      <section class="w-240 lg:w-full mx-auto mb-8 lg:px-8">
          <div id="what-happened-section" class="w-1/2 md:w-full">
            <h2 class="text-3xl leading-tight font-normal mb-4 text-black-dark antialiased" data-translate="what_happened">What happened?</h2>
            <p>The owner of this website (discord.com) has banned you temporarily from accessing this website.</p>
            
          </div>

          
      </section>

      <div class="feedback-hidden py-8 text-center" id="error-feedback">
    <div id="error-feedback-survey" class="footer-line-wrapper">
        Was this page helpful?
        <button class="border border-solid bg-white cf-button cursor-pointer ml-4 px-4 py-2 rounded" id="feedback-button-yes" type="button">Yes</button>
        <button class="border border-solid bg-white cf-button cursor-pointer ml-4 px-4 py-2 rounded" id="feedback-button-no" type="button">No</button>
    </div>
    <div class="feedback-success feedback-hidden" id="error-feedback-success">
        Thank you for your feedback!
    </div>
</div>


      <div class="cf-error-footer cf-wrapper w-240 lg:w-full py-10 sm:py-4 sm:px-8 mx-auto text-center sm:text-left border-solid border-0 border-t border-gray-300">
  <p class="text-13">
    <span class="cf-footer-item sm:block sm:mb-1">Cloudflare Ray ID: <strong class="font-semibold">72dc18559dc7b0c7</strong></span>
    <span class="cf-footer-separator sm:hidden">&bull;</span>
    <span id="cf-footer-item-ip" class="cf-footer-item hidden sm:block sm:mb-1">
      Your IP:
      <button type="button" id="cf-footer-ip-reveal" class="cf-footer-ip-reveal-btn">Click to reveal</button>
      <span class="hidden" id="cf-footer-ip">34.138.191.159</span>
      <span class="cf-footer-separator sm:hidden">&bull;</span>
    </span>
    <span class="cf-footer-item sm:block sm:mb-1"><span>Performance &amp; security by</span> <a rel="noopener noreferrer" href="https://www.cloudflare.com/5xx-error-landing" id="brand_link" target="_blank">Cloudflare</a></span>
    
  </p>
  <script>(function(){function d(){var b=a.getElementById("cf-footer-item-ip"),c=a.getElementById("cf-footer-ip-reveal");b&&"classList"in b&&(b.classList.remove("hidden"),c.addEventListener("click",function(){c.classList.add("hidden");a.getElementById("cf-footer-ip").classList.remove("hidden")}))}var a=document;document.addEventListener&&a.addEventListener("DOMContentLoaded",d)})();</script>
</div><!-- /.error-footer -->


    </div><!-- /#cf-error-details -->
  </div><!-- /#cf-wrapper -->

  <script>
  window._cf_translation = {};
  
  
</script>

<script>(function(){window['__CF$cv$params']={r:'72dc18559dc7b0c7',m:'hUye6fyYqTP.ODhU4vf5SRmb5.wcgqzDqr6YyACEAIo-1658324283-0-AacO8+a6gb21oCBqGPmoxumz4BMWrz+sNdba3UGmB7OAL2BjHl04N5ZG0wwCZGjoFlk/sfRJafu2W7nhPiWiDSAADJlsRfjHyo6RjWbovtHUBYvr0f3ZnXkn845UN744hQ==',s:[0x2d7c492164,0xafd53f57b7],}})();</script></body>
</html>


The above exception was the direct cause of the following exception:

Traceback (most recent call last):
  File "/home/runner/testing/venv/lib/python3.8/site-packages/discord/client.py", line 667, in connect
    self.ws = await asyncio.wait_for(coro, timeout=60.0)
  File "/nix/store/p21fdyxqb3yqflpim7g8s1mymgpnqiv7-python3-3.8.12/lib/python3.8/asyncio/tasks.py", line 494, in wait_for
    return fut.result()
  File "/home/runner/testing/venv/lib/python3.8/site-packages/discord/gateway.py", line 358, in from_client
    gateway = gateway or await client.http.get_gateway()
  File "/home/runner/testing/venv/lib/python3.8/site-packages/discord/http.py", line 2109, in get_gateway
    raise GatewayNotFound() from exc
discord.errors.GatewayNotFound: The gateway to connect to discord was not found.
[2022-07-20 13:45:38] [ERROR   ] discord.client: Attempting a reconnect in 344.36s
Traceback (most recent call last):
  File "/home/runner/testing/venv/lib/python3.8/site-packages/discord/http.py", line 2107, in get_gateway
    data = await self.request(Route('GET', '/gateway'))
  File "/home/runner/testing/venv/lib/python3.8/site-packages/discord/http.py", line 469, in request
    raise HTTPException(response, data)
discord.errors.HTTPException: 429 Too Many Requests (error code: 0): <!DOCTYPE html>
<!--[if lt IE 7]> <html class="no-js ie6 oldie" lang="en-US"> <![endif]-->
<!--[if IE 7]>    <html class="no-js ie7 oldie" lang="en-US"> <![endif]-->
<!--[if IE 8]>    <html class="no-js ie8 oldie" lang="en-US"> <![endif]-->
<!--[if gt IE 8]><!--> <html class="no-js" lang="en-US"> <!--<![endif]-->
<head>
<title>Access denied | discord.com used Cloudflare to restrict access</title>
<meta charset="UTF-8" />
<meta http-equiv="Content-Type" content="text/html; charset=UTF-8" />
<meta http-equiv="X-UA-Compatible" content="IE=Edge" />
<meta name="robots" content="noindex, nofollow" />
<meta name="viewport" content="width=device-width,initial-scale=1" />
<link rel="stylesheet" id="cf_styles-css" href="/cdn-cgi/styles/main.css" />


<script>
(function(){if(document.addEventListener&&window.XMLHttpRequest&&JSON&&JSON.stringify){var e=function(a){var c=document.getElementById("error-feedback-survey"),d=document.getElementById("error-feedback-success"),b=new XMLHttpRequest;a={event:"feedback clicked",properties:{errorCode:1015,helpful:a,version:1}};b.open("POST","https://sparrow.cloudflare.com/api/v1/event");b.setRequestHeader("Content-Type","application/json");b.setRequestHeader("Sparrow-Source-Key","c771f0e4b54944bebf4261d44bd79a1e");
b.send(JSON.stringify(a));c.classList.add("feedback-hidden");d.classList.remove("feedback-hidden")};document.addEventListener("DOMContentLoaded",function(){var a=document.getElementById("error-feedback"),c=document.getElementById("feedback-button-yes"),d=document.getElementById("feedback-button-no");"classList"in a&&(a.classList.remove("feedback-hidden"),c.addEventListener("click",function(){e(!0)}),d.addEventListener("click",function(){e(!1)}))})}})();
</script>

<script defer src="https://performance.radar.cloudflare.com/beacon.js"></script>
<script async src='/cdn-cgi/bm/cv/669835187/api.js'></script></head>
<body>
  <div id="cf-wrapper">
    <div class="cf-alert cf-alert-error cf-cookie-error hidden" id="cookie-alert" data-translate="enable_cookies">Please enable cookies.</div>
    <div id="cf-error-details" class="p-0">
      <header class="mx-auto pt-10 lg:pt-6 lg:px-8 w-240 lg:w-full mb-15 antialiased">
         <h1 class="inline-block md:block mr-2 md:mb-2 font-light text-60 md:text-3xl text-black-dark leading-tight">
           <span data-translate="error">Error</span>
           <span>1015</span>
         </h1>
         <span class="inline-block md:block heading-ray-id font-mono text-15 lg:text-sm lg:leading-relaxed">Ray ID: 72dc2371b85af34d &bull;</span>
         <span class="inline-block md:block heading-ray-id font-mono text-15 lg:text-sm lg:leading-relaxed">2022-07-20 13:45:38 UTC</span>
        <h2 class="text-gray-600 leading-1.3 text-3xl lg:text-2xl font-light">You are being rate limited</h2>
      </header>

      <section class="w-240 lg:w-full mx-auto mb-8 lg:px-8">
          <div id="what-happened-section" class="w-1/2 md:w-full">
            <h2 class="text-3xl leading-tight font-normal mb-4 text-black-dark antialiased" data-translate="what_happened">What happened?</h2>
            <p>The owner of this website (discord.com) has banned you temporarily from accessing this website.</p>
            
          </div>

          
      </section>

      <div class="feedback-hidden py-8 text-center" id="error-feedback">
    <div id="error-feedback-survey" class="footer-line-wrapper">
        Was this page helpful?
        <button class="border border-solid bg-white cf-button cursor-pointer ml-4 px-4 py-2 rounded" id="feedback-button-yes" type="button">Yes</button>
        <button class="border border-solid bg-white cf-button cursor-pointer ml-4 px-4 py-2 rounded" id="feedback-button-no" type="button">No</button>
    </div>
    <div class="feedback-success feedback-hidden" id="error-feedback-success">
        Thank you for your feedback!
    </div>
</div>


      <div class="cf-error-footer cf-wrapper w-240 lg:w-full py-10 sm:py-4 sm:px-8 mx-auto text-center sm:text-left border-solid border-0 border-t border-gray-300">
  <p class="text-13">
    <span class="cf-footer-item sm:block sm:mb-1">Cloudflare Ray ID: <strong class="font-semibold">72dc2371b85af34d</strong></span>
    <span class="cf-footer-separator sm:hidden">&bull;</span>
    <span id="cf-footer-item-ip" class="cf-footer-item hidden sm:block sm:mb-1">
      Your IP:
      <button type="button" id="cf-footer-ip-reveal" class="cf-footer-ip-reveal-btn">Click to reveal</button>
      <span class="hidden" id="cf-footer-ip">34.138.191.159</span>
      <span class="cf-footer-separator sm:hidden">&bull;</span>
    </span>
    <span class="cf-footer-item sm:block sm:mb-1"><span>Performance &amp; security by</span> <a rel="noopener noreferrer" href="https://www.cloudflare.com/5xx-error-landing" id="brand_link" target="_blank">Cloudflare</a></span>
    
  </p>
  <script>(function(){function d(){var b=a.getElementById("cf-footer-item-ip"),c=a.getElementById("cf-footer-ip-reveal");b&&"classList"in b&&(b.classList.remove("hidden"),c.addEventListener("click",function(){c.classList.add("hidden");a.getElementById("cf-footer-ip").classList.remove("hidden")}))}var a=document;document.addEventListener&&a.addEventListener("DOMContentLoaded",d)})();</script>
</div><!-- /.error-footer -->


    </div><!-- /#cf-error-details -->
  </div><!-- /#cf-wrapper -->

  <script>
  window._cf_translation = {};
  
  
</script>

<script>(function(){window['__CF$cv$params']={r:'72dc2371b85af34d',m:'uSyf.g_fc3pwRaF.YcIVbSJtVVVXca3PYlC3Yxi6fwg-1658324738-0-ASLTg7VNz7dPi1mJo4r7sJr1qr2bnY86PCiWd89d27A0YfwkNbtcuyEIb4wjfXmnen0d1m4ZJ9nhiRuEfg+kEUBVKNDfo/DsS8trxrbC4Tj5k75WVd3253cOeaOmHkufeg==',s:[0xb40d363e4b,0xc867fef88b],}})();</script></body>
</html>


The above exception was the direct cause of the following exception:

Traceback (most recent call last):
  File "/home/runner/testing/venv/lib/python3.8/site-packages/discord/client.py", line 667, in connect
    self.ws = await asyncio.wait_for(coro, timeout=60.0)
  File "/nix/store/p21fdyxqb3yqflpim7g8s1mymgpnqiv7-python3-3.8.12/lib/python3.8/asyncio/tasks.py", line 494, in wait_for
    return fut.result()
  File "/home/runner/testing/venv/lib/python3.8/site-packages/discord/gateway.py", line 358, in from_client
    gateway = gateway or await client.http.get_gateway()
  File "/home/runner/testing/venv/lib/python3.8/site-packages/discord/http.py", line 2109, in get_gateway
    raise GatewayNotFound() from exc
discord.errors.GatewayNotFound: The gateway to connect to discord was not found.
[2022-07-20 13:51:23] [ERROR   ] discord.client: Attempting a reconnect in 483.63s
Traceback (most recent call last):
  File "/home/runner/testing/venv/lib/python3.8/site-packages/discord/http.py", line 2107, in get_gateway
    data = await self.request(Route('GET', '/gateway'))
  File "/home/runner/testing/venv/lib/python3.8/site-packages/discord/http.py", line 469, in request
    raise HTTPException(response, data)
discord.errors.HTTPException: 429 Too Many Requests (error code: 0): <!DOCTYPE html>
<!--[if lt IE 7]> <html class="no-js ie6 oldie" lang="en-US"> <![endif]-->
<!--[if IE 7]>    <html class="no-js ie7 oldie" lang="en-US"> <![endif]-->
<!--[if IE 8]>    <html class="no-js ie8 oldie" lang="en-US"> <![endif]-->
<!--[if gt IE 8]><!--> <html class="no-js" lang="en-US"> <!--<![endif]-->
<head>
<title>Access denied | discord.com used Cloudflare to restrict access</title>
<meta charset="UTF-8" />
<meta http-equiv="Content-Type" content="text/html; charset=UTF-8" />
<meta http-equiv="X-UA-Compatible" content="IE=Edge" />
<meta name="robots" content="noindex, nofollow" />
<meta name="viewport" content="width=device-width,initial-scale=1" />
<link rel="stylesheet" id="cf_styles-css" href="/cdn-cgi/styles/main.css" />


<script>
(function(){if(document.addEventListener&&window.XMLHttpRequest&&JSON&&JSON.stringify){var e=function(a){var c=document.getElementById("error-feedback-survey"),d=document.getElementById("error-feedback-success"),b=new XMLHttpRequest;a={event:"feedback clicked",properties:{errorCode:1015,helpful:a,version:1}};b.open("POST","https://sparrow.cloudflare.com/api/v1/event");b.setRequestHeader("Content-Type","application/json");b.setRequestHeader("Sparrow-Source-Key","c771f0e4b54944bebf4261d44bd79a1e");
b.send(JSON.stringify(a));c.classList.add("feedback-hidden");d.classList.remove("feedback-hidden")};document.addEventListener("DOMContentLoaded",function(){var a=document.getElementById("error-feedback"),c=document.getElementById("feedback-button-yes"),d=document.getElementById("feedback-button-no");"classList"in a&&(a.classList.remove("feedback-hidden"),c.addEventListener("click",function(){e(!0)}),d.addEventListener("click",function(){e(!1)}))})}})();
</script>

<script defer src="https://performance.radar.cloudflare.com/beacon.js"></script>
<script async src='/cdn-cgi/bm/cv/669835187/api.js'></script></head>
<body>
  <div id="cf-wrapper">
    <div class="cf-alert cf-alert-error cf-cookie-error hidden" id="cookie-alert" data-translate="enable_cookies">Please enable cookies.</div>
    <div id="cf-error-details" class="p-0">
      <header class="mx-auto pt-10 lg:pt-6 lg:px-8 w-240 lg:w-full mb-15 antialiased">
         <h1 class="inline-block md:block mr-2 md:mb-2 font-light text-60 md:text-3xl text-black-dark leading-tight">
           <span data-translate="error">Error</span>
           <span>1015</span>
         </h1>
         <span class="inline-block md:block heading-ray-id font-mono text-15 lg:text-sm lg:leading-relaxed">Ray ID: 72dc2bdb0b90b082 &bull;</span>
         <span class="inline-block md:block heading-ray-id font-mono text-15 lg:text-sm lg:leading-relaxed">2022-07-20 13:51:23 UTC</span>
        <h2 class="text-gray-600 leading-1.3 text-3xl lg:text-2xl font-light">You are being rate limited</h2>
      </header>

      <section class="w-240 lg:w-full mx-auto mb-8 lg:px-8">
          <div id="what-happened-section" class="w-1/2 md:w-full">
            <h2 class="text-3xl leading-tight font-normal mb-4 text-black-dark antialiased" data-translate="what_happened">What happened?</h2>
            <p>The owner of this website (discord.com) has banned you temporarily from accessing this website.</p>
            
          </div>

          
      </section>

      <div class="feedback-hidden py-8 text-center" id="error-feedback">
    <div id="error-feedback-survey" class="footer-line-wrapper">
        Was this page helpful?
        <button class="border border-solid bg-white cf-button cursor-pointer ml-4 px-4 py-2 rounded" id="feedback-button-yes" type="button">Yes</button>
        <button class="border border-solid bg-white cf-button cursor-pointer ml-4 px-4 py-2 rounded" id="feedback-button-no" type="button">No</button>
    </div>
    <div class="feedback-success feedback-hidden" id="error-feedback-success">
        Thank you for your feedback!
    </div>
</div>


      <div class="cf-error-footer cf-wrapper w-240 lg:w-full py-10 sm:py-4 sm:px-8 mx-auto text-center sm:text-left border-solid border-0 border-t border-gray-300">
  <p class="text-13">
    <span class="cf-footer-item sm:block sm:mb-1">Cloudflare Ray ID: <strong class="font-semibold">72dc2bdb0b90b082</strong></span>
    <span class="cf-footer-separator sm:hidden">&bull;</span>
    <span id="cf-footer-item-ip" class="cf-footer-item hidden sm:block sm:mb-1">
      Your IP:
      <button type="button" id="cf-footer-ip-reveal" class="cf-footer-ip-reveal-btn">Click to reveal</button>
      <span class="hidden" id="cf-footer-ip">34.138.191.159</span>
      <span class="cf-footer-separator sm:hidden">&bull;</span>
    </span>
    <span class="cf-footer-item sm:block sm:mb-1"><span>Performance &amp; security by</span> <a rel="noopener noreferrer" href="https://www.cloudflare.com/5xx-error-landing" id="brand_link" target="_blank">Cloudflare</a></span>
    
  </p>
  <script>(function(){function d(){var b=a.getElementById("cf-footer-item-ip"),c=a.getElementById("cf-footer-ip-reveal");b&&"classList"in b&&(b.classList.remove("hidden"),c.addEventListener("click",function(){c.classList.add("hidden");a.getElementById("cf-footer-ip").classList.remove("hidden")}))}var a=document;document.addEventListener&&a.addEventListener("DOMContentLoaded",d)})();</script>
</div><!-- /.error-footer -->


    </div><!-- /#cf-error-details -->
  </div><!-- /#cf-wrapper -->

  <script>
  window._cf_translation = {};
  
  
</script>

<script>(function(){window['__CF$cv$params']={r:'72dc2bdb0b90b082',m:'DuNeLryzSwgvLh.lIqYMoK2giRnOg1flK41QUn0jTKA-1658325083-0-AYRqVumZHk5sF24PE/by35ixe1aTRz6jHlYGN7XohPahDRiUOiYKElQuP3eJsBKLbKMQcA7yNI+DQ5M61N9LJVKQHCOTgbCYUP8h/Tk9BlEvJuRWbhon+4a6SmpXe6NjEw==',s:[0xa2190935c0,0xc465ea5d6f],}})();</script></body>
</html>


The above exception was the direct cause of the following exception:

Traceback (most recent call last):
  File "/home/runner/testing/venv/lib/python3.8/site-packages/discord/client.py", line 667, in connect
    self.ws = await asyncio.wait_for(coro, timeout=60.0)
  File "/nix/store/p21fdyxqb3yqflpim7g8s1mymgpnqiv7-python3-3.8.12/lib/python3.8/asyncio/tasks.py", line 494, in wait_for
    return fut.result()
  File "/home/runner/testing/venv/lib/python3.8/site-packages/discord/gateway.py", line 358, in from_client
    gateway = gateway or await client.http.get_gateway()
  File "/home/runner/testing/venv/lib/python3.8/site-packages/discord/http.py", line 2109, in get_gateway
    raise GatewayNotFound() from exc
discord.errors.GatewayNotFound: The gateway to connect to discord was not found.
[2022-07-20 13:59:27] [ERROR   ] discord.client: Attempting a reconnect in 361.26s
Traceback (most recent call last):
  File "/home/runner/testing/venv/lib/python3.8/site-packages/discord/http.py", line 2107, in get_gateway
    data = await self.request(Route('GET', '/gateway'))
  File "/home/runner/testing/venv/lib/python3.8/site-packages/discord/http.py", line 469, in request
    raise HTTPException(response, data)
discord.errors.HTTPException: 429 Too Many Requests (error code: 0): <!DOCTYPE html>
<!--[if lt IE 7]> <html class="no-js ie6 oldie" lang="en-US"> <![endif]-->
<!--[if IE 7]>    <html class="no-js ie7 oldie" lang="en-US"> <![endif]-->
<!--[if IE 8]>    <html class="no-js ie8 oldie" lang="en-US"> <![endif]-->
<!--[if gt IE 8]><!--> <html class="no-js" lang="en-US"> <!--<![endif]-->
<head>
<title>Access denied | discord.com used Cloudflare to restrict access</title>
<meta charset="UTF-8" />
<meta http-equiv="Content-Type" content="text/html; charset=UTF-8" />
<meta http-equiv="X-UA-Compatible" content="IE=Edge" />
<meta name="robots" content="noindex, nofollow" />
<meta name="viewport" content="width=device-width,initial-scale=1" />
<link rel="stylesheet" id="cf_styles-css" href="/cdn-cgi/styles/main.css" />


<script>
(function(){if(document.addEventListener&&window.XMLHttpRequest&&JSON&&JSON.stringify){var e=function(a){var c=document.getElementById("error-feedback-survey"),d=document.getElementById("error-feedback-success"),b=new XMLHttpRequest;a={event:"feedback clicked",properties:{errorCode:1015,helpful:a,version:1}};b.open("POST","https://sparrow.cloudflare.com/api/v1/event");b.setRequestHeader("Content-Type","application/json");b.setRequestHeader("Sparrow-Source-Key","c771f0e4b54944bebf4261d44bd79a1e");
b.send(JSON.stringify(a));c.classList.add("feedback-hidden");d.classList.remove("feedback-hidden")};document.addEventListener("DOMContentLoaded",function(){var a=document.getElementById("error-feedback"),c=document.getElementById("feedback-button-yes"),d=document.getElementById("feedback-button-no");"classList"in a&&(a.classList.remove("feedback-hidden"),c.addEventListener("click",function(){e(!0)}),d.addEventListener("click",function(){e(!1)}))})}})();
</script>

<script defer src="https://performance.radar.cloudflare.com/beacon.js"></script>
<script async src='/cdn-cgi/bm/cv/669835187/api.js'></script></head>
<body>
  <div id="cf-wrapper">
    <div class="cf-alert cf-alert-error cf-cookie-error hidden" id="cookie-alert" data-translate="enable_cookies">Please enable cookies.</div>
    <div id="cf-error-details" class="p-0">
      <header class="mx-auto pt-10 lg:pt-6 lg:px-8 w-240 lg:w-full mb-15 antialiased">
         <h1 class="inline-block md:block mr-2 md:mb-2 font-light text-60 md:text-3xl text-black-dark leading-tight">
           <span data-translate="error">Error</span>
           <span>1015</span>
         </h1>
         <span class="inline-block md:block heading-ray-id font-mono text-15 lg:text-sm lg:leading-relaxed">Ray ID: 72dc37aaccb7b03e &bull;</span>
         <span class="inline-block md:block heading-ray-id font-mono text-15 lg:text-sm lg:leading-relaxed">2022-07-20 13:59:27 UTC</span>
        <h2 class="text-gray-600 leading-1.3 text-3xl lg:text-2xl font-light">You are being rate limited</h2>
      </header>

      <section class="w-240 lg:w-full mx-auto mb-8 lg:px-8">
          <div id="what-happened-section" class="w-1/2 md:w-full">
            <h2 class="text-3xl leading-tight font-normal mb-4 text-black-dark antialiased" data-translate="what_happened">What happened?</h2>
            <p>The owner of this website (discord.com) has banned you temporarily from accessing this website.</p>
            
          </div>

          
      </section>

      <div class="feedback-hidden py-8 text-center" id="error-feedback">
    <div id="error-feedback-survey" class="footer-line-wrapper">
        Was this page helpful?
        <button class="border border-solid bg-white cf-button cursor-pointer ml-4 px-4 py-2 rounded" id="feedback-button-yes" type="button">Yes</button>
        <button class="border border-solid bg-white cf-button cursor-pointer ml-4 px-4 py-2 rounded" id="feedback-button-no" type="button">No</button>
    </div>
    <div class="feedback-success feedback-hidden" id="error-feedback-success">
        Thank you for your feedback!
    </div>
</div>


      <div class="cf-error-footer cf-wrapper w-240 lg:w-full py-10 sm:py-4 sm:px-8 mx-auto text-center sm:text-left border-solid border-0 border-t border-gray-300">
  <p class="text-13">
    <span class="cf-footer-item sm:block sm:mb-1">Cloudflare Ray ID: <strong class="font-semibold">72dc37aaccb7b03e</strong></span>
    <span class="cf-footer-separator sm:hidden">&bull;</span>
    <span id="cf-footer-item-ip" class="cf-footer-item hidden sm:block sm:mb-1">
      Your IP:
      <button type="button" id="cf-footer-ip-reveal" class="cf-footer-ip-reveal-btn">Click to reveal</button>
      <span class="hidden" id="cf-footer-ip">34.138.191.159</span>
      <span class="cf-footer-separator sm:hidden">&bull;</span>
    </span>
    <span class="cf-footer-item sm:block sm:mb-1"><span>Performance &amp; security by</span> <a rel="noopener noreferrer" href="https://www.cloudflare.com/5xx-error-landing" id="brand_link" target="_blank">Cloudflare</a></span>
    
  </p>
  <script>(function(){function d(){var b=a.getElementById("cf-footer-item-ip"),c=a.getElementById("cf-footer-ip-reveal");b&&"classList"in b&&(b.classList.remove("hidden"),c.addEventListener("click",function(){c.classList.add("hidden");a.getElementById("cf-footer-ip").classList.remove("hidden")}))}var a=document;document.addEventListener&&a.addEventListener("DOMContentLoaded",d)})();</script>
</div><!-- /.error-footer -->


    </div><!-- /#cf-error-details -->
  </div><!-- /#cf-wrapper -->

  <script>
  window._cf_translation = {};
  
  
</script>

<script>(function(){window['__CF$cv$params']={r:'72dc37aaccb7b03e',m:'i5yWrYk7iLvF_bbl.y5OL46sWPf61MILJejS8DpW1gc-1658325567-0-AXA620pM+gyUI3dKBHQEjLDeOKGhfTDBQ7BDZ9isoP5vwnPoDbhffNpYPwPyLW9zYauNBinjtL0GGqqOA4fH84+1uGgBebfROmgBxX5jEJNHSo2vLIoT3AYRSKWvLmJ/YQ==',s:[0xac073863ba,0x9d82d3264b],}})();</script></body>
</html>


The above exception was the direct cause of the following exception:

Traceback (most recent call last):
  File "/home/runner/testing/venv/lib/python3.8/site-packages/discord/client.py", line 667, in connect
    self.ws = await asyncio.wait_for(coro, timeout=60.0)
  File "/nix/store/p21fdyxqb3yqflpim7g8s1mymgpnqiv7-python3-3.8.12/lib/python3.8/asyncio/tasks.py", line 494, in wait_for
    return fut.result()
  File "/home/runner/testing/venv/lib/python3.8/site-packages/discord/gateway.py", line 358, in from_client
    gateway = gateway or await client.http.get_gateway()
  File "/home/runner/testing/venv/lib/python3.8/site-packages/discord/http.py", line 2109, in get_gateway
    raise GatewayNotFound() from exc
discord.errors.GatewayNotFound: The gateway to connect to discord was not found.
[2022-07-20 14:05:28] [ERROR   ] discord.client: Attempting a reconnect in 1021.21s
Traceback (most recent call last):
  File "/home/runner/testing/venv/lib/python3.8/site-packages/discord/http.py", line 2107, in get_gateway
    data = await self.request(Route('GET', '/gateway'))
  File "/home/runner/testing/venv/lib/python3.8/site-packages/discord/http.py", line 469, in request
    raise HTTPException(response, data)
discord.errors.HTTPException: 429 Too Many Requests (error code: 0): <!DOCTYPE html>
<!--[if lt IE 7]> <html class="no-js ie6 oldie" lang="en-US"> <![endif]-->
<!--[if IE 7]>    <html class="no-js ie7 oldie" lang="en-US"> <![endif]-->
<!--[if IE 8]>    <html class="no-js ie8 oldie" lang="en-US"> <![endif]-->
<!--[if gt IE 8]><!--> <html class="no-js" lang="en-US"> <!--<![endif]-->
<head>
<title>Access denied | discord.com used Cloudflare to restrict access</title>
<meta charset="UTF-8" />
<meta http-equiv="Content-Type" content="text/html; charset=UTF-8" />
<meta http-equiv="X-UA-Compatible" content="IE=Edge" />
<meta name="robots" content="noindex, nofollow" />
<meta name="viewport" content="width=device-width,initial-scale=1" />
<link rel="stylesheet" id="cf_styles-css" href="/cdn-cgi/styles/main.css" />


<script>
(function(){if(document.addEventListener&&window.XMLHttpRequest&&JSON&&JSON.stringify){var e=function(a){var c=document.getElementById("error-feedback-survey"),d=document.getElementById("error-feedback-success"),b=new XMLHttpRequest;a={event:"feedback clicked",properties:{errorCode:1015,helpful:a,version:1}};b.open("POST","https://sparrow.cloudflare.com/api/v1/event");b.setRequestHeader("Content-Type","application/json");b.setRequestHeader("Sparrow-Source-Key","c771f0e4b54944bebf4261d44bd79a1e");
b.send(JSON.stringify(a));c.classList.add("feedback-hidden");d.classList.remove("feedback-hidden")};document.addEventListener("DOMContentLoaded",function(){var a=document.getElementById("error-feedback"),c=document.getElementById("feedback-button-yes"),d=document.getElementById("feedback-button-no");"classList"in a&&(a.classList.remove("feedback-hidden"),c.addEventListener("click",function(){e(!0)}),d.addEventListener("click",function(){e(!1)}))})}})();
</script>

<script defer src="https://performance.radar.cloudflare.com/beacon.js"></script>
<script async src='/cdn-cgi/bm/cv/669835187/api.js'></script></head>
<body>
  <div id="cf-wrapper">
    <div class="cf-alert cf-alert-error cf-cookie-error hidden" id="cookie-alert" data-translate="enable_cookies">Please enable cookies.</div>
    <div id="cf-error-details" class="p-0">
      <header class="mx-auto pt-10 lg:pt-6 lg:px-8 w-240 lg:w-full mb-15 antialiased">
         <h1 class="inline-block md:block mr-2 md:mb-2 font-light text-60 md:text-3xl text-black-dark leading-tight">
           <span data-translate="error">Error</span>
           <span>1015</span>
         </h1>
         <span class="inline-block md:block heading-ray-id font-mono text-15 lg:text-sm lg:leading-relaxed">Ray ID: 72dc407d991c1843 &bull;</span>
         <span class="inline-block md:block heading-ray-id font-mono text-15 lg:text-sm lg:leading-relaxed">2022-07-20 14:05:28 UTC</span>
        <h2 class="text-gray-600 leading-1.3 text-3xl lg:text-2xl font-light">You are being rate limited</h2>
      </header>

      <section class="w-240 lg:w-full mx-auto mb-8 lg:px-8">
          <div id="what-happened-section" class="w-1/2 md:w-full">
            <h2 class="text-3xl leading-tight font-normal mb-4 text-black-dark antialiased" data-translate="what_happened">What happened?</h2>
            <p>The owner of this website (discord.com) has banned you temporarily from accessing this website.</p>
            
          </div>

          
      </section>

      <div class="feedback-hidden py-8 text-center" id="error-feedback">
    <div id="error-feedback-survey" class="footer-line-wrapper">
        Was this page helpful?
        <button class="border border-solid bg-white cf-button cursor-pointer ml-4 px-4 py-2 rounded" id="feedback-button-yes" type="button">Yes</button>
        <button class="border border-solid bg-white cf-button cursor-pointer ml-4 px-4 py-2 rounded" id="feedback-button-no" type="button">No</button>
    </div>
    <div class="feedback-success feedback-hidden" id="error-feedback-success">
        Thank you for your feedback!
    </div>
</div>


      <div class="cf-error-footer cf-wrapper w-240 lg:w-full py-10 sm:py-4 sm:px-8 mx-auto text-center sm:text-left border-solid border-0 border-t border-gray-300">
  <p class="text-13">
    <span class="cf-footer-item sm:block sm:mb-1">Cloudflare Ray ID: <strong class="font-semibold">72dc407d991c1843</strong></span>
    <span class="cf-footer-separator sm:hidden">&bull;</span>
    <span id="cf-footer-item-ip" class="cf-footer-item hidden sm:block sm:mb-1">
      Your IP:
      <button type="button" id="cf-footer-ip-reveal" class="cf-footer-ip-reveal-btn">Click to reveal</button>
      <span class="hidden" id="cf-footer-ip">34.138.191.159</span>
      <span class="cf-footer-separator sm:hidden">&bull;</span>
    </span>
    <span class="cf-footer-item sm:block sm:mb-1"><span>Performance &amp; security by</span> <a rel="noopener noreferrer" href="https://www.cloudflare.com/5xx-error-landing" id="brand_link" target="_blank">Cloudflare</a></span>
    
  </p>
  <script>(function(){function d(){var b=a.getElementById("cf-footer-item-ip"),c=a.getElementById("cf-footer-ip-reveal");b&&"classList"in b&&(b.classList.remove("hidden"),c.addEventListener("click",function(){c.classList.add("hidden");a.getElementById("cf-footer-ip").classList.remove("hidden")}))}var a=document;document.addEventListener&&a.addEventListener("DOMContentLoaded",d)})();</script>
</div><!-- /.error-footer -->


    </div><!-- /#cf-error-details -->
  </div><!-- /#cf-wrapper -->

  <script>
  window._cf_translation = {};
  
  
</script>

<script>(function(){window['__CF$cv$params']={r:'72dc407d991c1843',m:'BOtdDlAO3Ml6XV4sb8g0v6j.72fhOakjPKfiB982zng-1658325928-0-AeFnwJj6sEXpCY7eqKSsJS/ea/7JdlczG3lPwc24hgve/ghu8cZ+EAKheb3HVGf6cK+PD6ODHj+fAG5mWgpkwNoPJo67bVpVcJZeH3VLVYHIKzEm8fPbYKr+QZ4YIaUZ9Q==',s:[0xfb7761cad0,0xc59988b12d],}})();</script></body>
</html>


The above exception was the direct cause of the following exception:

Traceback (most recent call last):
  File "/home/runner/testing/venv/lib/python3.8/site-packages/discord/client.py", line 667, in connect
    self.ws = await asyncio.wait_for(coro, timeout=60.0)
  File "/nix/store/p21fdyxqb3yqflpim7g8s1mymgpnqiv7-python3-3.8.12/lib/python3.8/asyncio/tasks.py", line 494, in wait_for
    return fut.result()
  File "/home/runner/testing/venv/lib/python3.8/site-packages/discord/gateway.py", line 358, in from_client
    gateway = gateway or await client.http.get_gateway()
  File "/home/runner/testing/venv/lib/python3.8/site-packages/discord/http.py", line 2109, in get_gateway
    raise GatewayNotFound() from exc
discord.errors.GatewayNotFound: The gateway to connect to discord was not found.
